        -:    0:Source:/usr/local/include/gtest/internal/gtest-port.h
        -:    0:Graph:IsPrime2.gcno
        -:    0:Data:IsPrime2.gcda
        -:    0:Runs:1
        -:    0:Programs:1
        -:    1:// Copyright 2005, Google Inc.
        -:    2:// All rights reserved.
        -:    3://
        -:    4:// Redistribution and use in source and binary forms, with or without
        -:    5:// modification, are permitted provided that the following conditions are
        -:    6:// met:
        -:    7://
        -:    8://     * Redistributions of source code must retain the above copyright
        -:    9:// notice, this list of conditions and the following disclaimer.
        -:   10://     * Redistributions in binary form must reproduce the above
        -:   11:// copyright notice, this list of conditions and the following disclaimer
        -:   12:// in the documentation and/or other materials provided with the
        -:   13:// distribution.
        -:   14://     * Neither the name of Google Inc. nor the names of its
        -:   15:// contributors may be used to endorse or promote products derived from
        -:   16:// this software without specific prior written permission.
        -:   17://
        -:   18:// THIS SOFTWARE IS PROVIDED BY THE COPYRIGHT HOLDERS AND CONTRIBUTORS
        -:   19:// "AS IS" AND ANY EXPRESS OR IMPLIED WARRANTIES, INCLUDING, BUT NOT
        -:   20:// LIMITED TO, THE IMPLIED WARRANTIES OF MERCHANTABILITY AND FITNESS FOR
        -:   21:// A PARTICULAR PURPOSE ARE DISCLAIMED. IN NO EVENT SHALL THE COPYRIGHT
        -:   22:// OWNER OR CONTRIBUTORS BE LIABLE FOR ANY DIRECT, INDIRECT, INCIDENTAL,
        -:   23:// SPECIAL, EXEMPLARY, OR CONSEQUENTIAL DAMAGES (INCLUDING, BUT NOT
        -:   24:// LIMITED TO, PROCUREMENT OF SUBSTITUTE GOODS OR SERVICES; LOSS OF USE,
        -:   25:// DATA, OR PROFITS; OR BUSINESS INTERRUPTION) HOWEVER CAUSED AND ON ANY
        -:   26:// THEORY OF LIABILITY, WHETHER IN CONTRACT, STRICT LIABILITY, OR TORT
        -:   27:// (INCLUDING NEGLIGENCE OR OTHERWISE) ARISING IN ANY WAY OUT OF THE USE
        -:   28:// OF THIS SOFTWARE, EVEN IF ADVISED OF THE POSSIBILITY OF SUCH DAMAGE.
        -:   29://
        -:   30:// Authors: wan@google.com (Zhanyong Wan)
        -:   31://
        -:   32:// Low-level types and utilities for porting Google Test to various
        -:   33:// platforms.  All macros ending with _ and symbols defined in an
        -:   34:// internal namespace are subject to change without notice.  Code
        -:   35:// outside Google Test MUST NOT USE THEM DIRECTLY.  Macros that don't
        -:   36:// end with _ are part of Google Test's public API and can be used by
        -:   37:// code outside Google Test.
        -:   38://
        -:   39:// This file is fundamental to Google Test.  All other Google Test source
        -:   40:// files are expected to #include this.  Therefore, it cannot #include
        -:   41:// any other Google Test header.
        -:   42:
        -:   43:#ifndef GTEST_INCLUDE_GTEST_INTERNAL_GTEST_PORT_H_
        -:   44:#define GTEST_INCLUDE_GTEST_INTERNAL_GTEST_PORT_H_
        -:   45:
        -:   46:// Environment-describing macros
        -:   47:// -----------------------------
        -:   48://
        -:   49:// Google Test can be used in many different environments.  Macros in
        -:   50:// this section tell Google Test what kind of environment it is being
        -:   51:// used in, such that Google Test can provide environment-specific
        -:   52:// features and implementations.
        -:   53://
        -:   54:// Google Test tries to automatically detect the properties of its
        -:   55:// environment, so users usually don't need to worry about these
        -:   56:// macros.  However, the automatic detection is not perfect.
        -:   57:// Sometimes it's necessary for a user to define some of the following
        -:   58:// macros in the build script to override Google Test's decisions.
        -:   59://
        -:   60:// If the user doesn't define a macro in the list, Google Test will
        -:   61:// provide a default definition.  After this header is #included, all
        -:   62:// macros in this list will be defined to either 1 or 0.
        -:   63://
        -:   64:// Notes to maintainers:
        -:   65://   - Each macro here is a user-tweakable knob; do not grow the list
        -:   66://     lightly.
        -:   67://   - Use #if to key off these macros.  Don't use #ifdef or "#if
        -:   68://     defined(...)", which will not work as these macros are ALWAYS
        -:   69://     defined.
        -:   70://
        -:   71://   GTEST_HAS_CLONE          - Define it to 1/0 to indicate that clone(2)
        -:   72://                              is/isn't available.
        -:   73://   GTEST_HAS_EXCEPTIONS     - Define it to 1/0 to indicate that exceptions
        -:   74://                              are enabled.
        -:   75://   GTEST_HAS_GLOBAL_STRING  - Define it to 1/0 to indicate that ::string
        -:   76://                              is/isn't available (some systems define
        -:   77://                              ::string, which is different to std::string).
        -:   78://   GTEST_HAS_GLOBAL_WSTRING - Define it to 1/0 to indicate that ::string
        -:   79://                              is/isn't available (some systems define
        -:   80://                              ::wstring, which is different to std::wstring).
        -:   81://   GTEST_HAS_POSIX_RE       - Define it to 1/0 to indicate that POSIX regular
        -:   82://                              expressions are/aren't available.
        -:   83://   GTEST_HAS_PTHREAD        - Define it to 1/0 to indicate that <pthread.h>
        -:   84://                              is/isn't available.
        -:   85://   GTEST_HAS_RTTI           - Define it to 1/0 to indicate that RTTI is/isn't
        -:   86://                              enabled.
        -:   87://   GTEST_HAS_STD_WSTRING    - Define it to 1/0 to indicate that
        -:   88://                              std::wstring does/doesn't work (Google Test can
        -:   89://                              be used where std::wstring is unavailable).
        -:   90://   GTEST_HAS_TR1_TUPLE      - Define it to 1/0 to indicate tr1::tuple
        -:   91://                              is/isn't available.
        -:   92://   GTEST_HAS_SEH            - Define it to 1/0 to indicate whether the
        -:   93://                              compiler supports Microsoft's "Structured
        -:   94://                              Exception Handling".
        -:   95://   GTEST_HAS_STREAM_REDIRECTION
        -:   96://                            - Define it to 1/0 to indicate whether the
        -:   97://                              platform supports I/O stream redirection using
        -:   98://                              dup() and dup2().
        -:   99://   GTEST_USE_OWN_TR1_TUPLE  - Define it to 1/0 to indicate whether Google
        -:  100://                              Test's own tr1 tuple implementation should be
        -:  101://                              used.  Unused when the user sets
        -:  102://                              GTEST_HAS_TR1_TUPLE to 0.
        -:  103://   GTEST_LANG_CXX11         - Define it to 1/0 to indicate that Google Test
        -:  104://                              is building in C++11/C++98 mode.
        -:  105://   GTEST_LINKED_AS_SHARED_LIBRARY
        -:  106://                            - Define to 1 when compiling tests that use
        -:  107://                              Google Test as a shared library (known as
        -:  108://                              DLL on Windows).
        -:  109://   GTEST_CREATE_SHARED_LIBRARY
        -:  110://                            - Define to 1 when compiling Google Test itself
        -:  111://                              as a shared library.
        -:  112:
        -:  113:// Platform-indicating macros
        -:  114:// --------------------------
        -:  115://
        -:  116:// Macros indicating the platform on which Google Test is being used
        -:  117:// (a macro is defined to 1 if compiled on the given platform;
        -:  118:// otherwise UNDEFINED -- it's never defined to 0.).  Google Test
        -:  119:// defines these macros automatically.  Code outside Google Test MUST
        -:  120:// NOT define them.
        -:  121://
        -:  122://   GTEST_OS_AIX      - IBM AIX
        -:  123://   GTEST_OS_CYGWIN   - Cygwin
        -:  124://   GTEST_OS_FREEBSD  - FreeBSD
        -:  125://   GTEST_OS_HPUX     - HP-UX
        -:  126://   GTEST_OS_LINUX    - Linux
        -:  127://     GTEST_OS_LINUX_ANDROID - Google Android
        -:  128://   GTEST_OS_MAC      - Mac OS X
        -:  129://     GTEST_OS_IOS    - iOS
        -:  130://   GTEST_OS_NACL     - Google Native Client (NaCl)
        -:  131://   GTEST_OS_NETBSD   - NetBSD
        -:  132://   GTEST_OS_OPENBSD  - OpenBSD
        -:  133://   GTEST_OS_QNX      - QNX
        -:  134://   GTEST_OS_SOLARIS  - Sun Solaris
        -:  135://   GTEST_OS_SYMBIAN  - Symbian
        -:  136://   GTEST_OS_WINDOWS  - Windows (Desktop, MinGW, or Mobile)
        -:  137://     GTEST_OS_WINDOWS_DESKTOP  - Windows Desktop
        -:  138://     GTEST_OS_WINDOWS_MINGW    - MinGW
        -:  139://     GTEST_OS_WINDOWS_MOBILE   - Windows Mobile
        -:  140://     GTEST_OS_WINDOWS_PHONE    - Windows Phone
        -:  141://     GTEST_OS_WINDOWS_RT       - Windows Store App/WinRT
        -:  142://   GTEST_OS_ZOS      - z/OS
        -:  143://
        -:  144:// Among the platforms, Cygwin, Linux, Max OS X, and Windows have the
        -:  145:// most stable support.  Since core members of the Google Test project
        -:  146:// don't have access to other platforms, support for them may be less
        -:  147:// stable.  If you notice any problems on your platform, please notify
        -:  148:// googletestframework@googlegroups.com (patches for fixing them are
        -:  149:// even more welcome!).
        -:  150://
        -:  151:// It is possible that none of the GTEST_OS_* macros are defined.
        -:  152:
        -:  153:// Feature-indicating macros
        -:  154:// -------------------------
        -:  155://
        -:  156:// Macros indicating which Google Test features are available (a macro
        -:  157:// is defined to 1 if the corresponding feature is supported;
        -:  158:// otherwise UNDEFINED -- it's never defined to 0.).  Google Test
        -:  159:// defines these macros automatically.  Code outside Google Test MUST
        -:  160:// NOT define them.
        -:  161://
        -:  162:// These macros are public so that portable tests can be written.
        -:  163:// Such tests typically surround code using a feature with an #if
        -:  164:// which controls that code.  For example:
        -:  165://
        -:  166:// #if GTEST_HAS_DEATH_TEST
        -:  167://   EXPECT_DEATH(DoSomethingDeadly());
        -:  168:// #endif
        -:  169://
        -:  170://   GTEST_HAS_COMBINE      - the Combine() function (for value-parameterized
        -:  171://                            tests)
        -:  172://   GTEST_HAS_DEATH_TEST   - death tests
        -:  173://   GTEST_HAS_PARAM_TEST   - value-parameterized tests
        -:  174://   GTEST_HAS_TYPED_TEST   - typed tests
        -:  175://   GTEST_HAS_TYPED_TEST_P - type-parameterized tests
        -:  176://   GTEST_IS_THREADSAFE    - Google Test is thread-safe.
        -:  177://   GTEST_USES_POSIX_RE    - enhanced POSIX regex is used. Do not confuse with
        -:  178://                            GTEST_HAS_POSIX_RE (see above) which users can
        -:  179://                            define themselves.
        -:  180://   GTEST_USES_SIMPLE_RE   - our own simple regex is used;
        -:  181://                            the above two are mutually exclusive.
        -:  182://   GTEST_CAN_COMPARE_NULL - accepts untyped NULL in EXPECT_EQ().
        -:  183:
        -:  184:// Misc public macros
        -:  185:// ------------------
        -:  186://
        -:  187://   GTEST_FLAG(flag_name)  - references the variable corresponding to
        -:  188://                            the given Google Test flag.
        -:  189:
        -:  190:// Internal utilities
        -:  191:// ------------------
        -:  192://
        -:  193:// The following macros and utilities are for Google Test's INTERNAL
        -:  194:// use only.  Code outside Google Test MUST NOT USE THEM DIRECTLY.
        -:  195://
        -:  196:// Macros for basic C++ coding:
        -:  197://   GTEST_AMBIGUOUS_ELSE_BLOCKER_ - for disabling a gcc warning.
        -:  198://   GTEST_ATTRIBUTE_UNUSED_  - declares that a class' instances or a
        -:  199://                              variable don't have to be used.
        -:  200://   GTEST_DISALLOW_ASSIGN_   - disables operator=.
        -:  201://   GTEST_DISALLOW_COPY_AND_ASSIGN_ - disables copy ctor and operator=.
        -:  202://   GTEST_MUST_USE_RESULT_   - declares that a function's result must be used.
        -:  203://   GTEST_INTENTIONAL_CONST_COND_PUSH_ - start code section where MSVC C4127 is
        -:  204://                                        suppressed (constant conditional).
        -:  205://   GTEST_INTENTIONAL_CONST_COND_POP_  - finish code section where MSVC C4127
        -:  206://                                        is suppressed.
        -:  207://
        -:  208:// C++11 feature wrappers:
        -:  209://
        -:  210://   testing::internal::move  - portability wrapper for std::move.
        -:  211://
        -:  212:// Synchronization:
        -:  213://   Mutex, MutexLock, ThreadLocal, GetThreadCount()
        -:  214://                            - synchronization primitives.
        -:  215://
        -:  216:// Template meta programming:
        -:  217://   is_pointer     - as in TR1; needed on Symbian and IBM XL C/C++ only.
        -:  218://   IteratorTraits - partial implementation of std::iterator_traits, which
        -:  219://                    is not available in libCstd when compiled with Sun C++.
        -:  220://
        -:  221:// Smart pointers:
        -:  222://   scoped_ptr     - as in TR2.
        -:  223://
        -:  224:// Regular expressions:
        -:  225://   RE             - a simple regular expression class using the POSIX
        -:  226://                    Extended Regular Expression syntax on UNIX-like
        -:  227://                    platforms, or a reduced regular exception syntax on
        -:  228://                    other platforms, including Windows.
        -:  229://
        -:  230:// Logging:
        -:  231://   GTEST_LOG_()   - logs messages at the specified severity level.
        -:  232://   LogToStderr()  - directs all log messages to stderr.
        -:  233://   FlushInfoLog() - flushes informational log messages.
        -:  234://
        -:  235:// Stdout and stderr capturing:
        -:  236://   CaptureStdout()     - starts capturing stdout.
        -:  237://   GetCapturedStdout() - stops capturing stdout and returns the captured
        -:  238://                         string.
        -:  239://   CaptureStderr()     - starts capturing stderr.
        -:  240://   GetCapturedStderr() - stops capturing stderr and returns the captured
        -:  241://                         string.
        -:  242://
        -:  243:// Integer types:
        -:  244://   TypeWithSize   - maps an integer to a int type.
        -:  245://   Int32, UInt32, Int64, UInt64, TimeInMillis
        -:  246://                  - integers of known sizes.
        -:  247://   BiggestInt     - the biggest signed integer type.
        -:  248://
        -:  249:// Command-line utilities:
        -:  250://   GTEST_DECLARE_*()  - declares a flag.
        -:  251://   GTEST_DEFINE_*()   - defines a flag.
        -:  252://   GetInjectableArgvs() - returns the command line as a vector of strings.
        -:  253://
        -:  254:// Environment variable utilities:
        -:  255://   GetEnv()             - gets the value of an environment variable.
        -:  256://   BoolFromGTestEnv()   - parses a bool environment variable.
        -:  257://   Int32FromGTestEnv()  - parses an Int32 environment variable.
        -:  258://   StringFromGTestEnv() - parses a string environment variable.
        -:  259:
        -:  260:#include <ctype.h>   // for isspace, etc
        -:  261:#include <stddef.h>  // for ptrdiff_t
        -:  262:#include <stdlib.h>
        -:  263:#include <stdio.h>
        -:  264:#include <string.h>
        -:  265:#ifndef _WIN32_WCE
        -:  266:# include <sys/types.h>
        -:  267:# include <sys/stat.h>
        -:  268:#endif  // !_WIN32_WCE
        -:  269:
        -:  270:#if defined __APPLE__
        -:  271:# include <AvailabilityMacros.h>
        -:  272:# include <TargetConditionals.h>
        -:  273:#endif
        -:  274:
        -:  275:#include <algorithm>  // NOLINT
        -:  276:#include <iostream>  // NOLINT
        -:  277:#include <sstream>  // NOLINT
        -:  278:#include <string>  // NOLINT
        -:  279:#include <utility>
        -:  280:#include <vector>  // NOLINT
        -:  281:
        -:  282:#include "gtest/internal/gtest-port-arch.h"
        -:  283:#include "gtest/internal/custom/gtest-port.h"
        -:  284:
        -:  285:#if !defined(GTEST_DEV_EMAIL_)
        -:  286:# define GTEST_DEV_EMAIL_ "googletestframework@@googlegroups.com"
        -:  287:# define GTEST_FLAG_PREFIX_ "gtest_"
        -:  288:# define GTEST_FLAG_PREFIX_DASH_ "gtest-"
        -:  289:# define GTEST_FLAG_PREFIX_UPPER_ "GTEST_"
        -:  290:# define GTEST_NAME_ "Google Test"
        -:  291:# define GTEST_PROJECT_URL_ "https://github.com/google/googletest/"
        -:  292:#endif  // !defined(GTEST_DEV_EMAIL_)
        -:  293:
        -:  294:#if !defined(GTEST_INIT_GOOGLE_TEST_NAME_)
        -:  295:# define GTEST_INIT_GOOGLE_TEST_NAME_ "testing::InitGoogleTest"
        -:  296:#endif  // !defined(GTEST_INIT_GOOGLE_TEST_NAME_)
        -:  297:
        -:  298:// Determines the version of gcc that is used to compile this.
        -:  299:#ifdef __GNUC__
        -:  300:// 40302 means version 4.3.2.
        -:  301:# define GTEST_GCC_VER_ \
        -:  302:    (__GNUC__*10000 + __GNUC_MINOR__*100 + __GNUC_PATCHLEVEL__)
        -:  303:#endif  // __GNUC__
        -:  304:
        -:  305:// Macros for disabling Microsoft Visual C++ warnings.
        -:  306://
        -:  307://   GTEST_DISABLE_MSC_WARNINGS_PUSH_(4800 4385)
        -:  308://   /* code that triggers warnings C4800 and C4385 */
        -:  309://   GTEST_DISABLE_MSC_WARNINGS_POP_()
        -:  310:#if _MSC_VER >= 1500
        -:  311:# define GTEST_DISABLE_MSC_WARNINGS_PUSH_(warnings) \
        -:  312:    __pragma(warning(push))                        \
        -:  313:    __pragma(warning(disable: warnings))
        -:  314:# define GTEST_DISABLE_MSC_WARNINGS_POP_()          \
        -:  315:    __pragma(warning(pop))
        -:  316:#else
        -:  317:// Older versions of MSVC don't have __pragma.
        -:  318:# define GTEST_DISABLE_MSC_WARNINGS_PUSH_(warnings)
        -:  319:# define GTEST_DISABLE_MSC_WARNINGS_POP_()
        -:  320:#endif
        -:  321:
        -:  322:#ifndef GTEST_LANG_CXX11
        -:  323:// gcc and clang define __GXX_EXPERIMENTAL_CXX0X__ when
        -:  324:// -std={c,gnu}++{0x,11} is passed.  The C++11 standard specifies a
        -:  325:// value for __cplusplus, and recent versions of clang, gcc, and
        -:  326:// probably other compilers set that too in C++11 mode.
        -:  327:# if __GXX_EXPERIMENTAL_CXX0X__ || __cplusplus >= 201103L
        -:  328:// Compiling in at least C++11 mode.
        -:  329:#  define GTEST_LANG_CXX11 1
        -:  330:# else
        -:  331:#  define GTEST_LANG_CXX11 0
        -:  332:# endif
        -:  333:#endif
        -:  334:
        -:  335:// Distinct from C++11 language support, some environments don't provide
        -:  336:// proper C++11 library support. Notably, it's possible to build in
        -:  337:// C++11 mode when targeting Mac OS X 10.6, which has an old libstdc++
        -:  338:// with no C++11 support.
        -:  339://
        -:  340:// libstdc++ has sufficient C++11 support as of GCC 4.6.0, __GLIBCXX__
        -:  341:// 20110325, but maintenance releases in the 4.4 and 4.5 series followed
        -:  342:// this date, so check for those versions by their date stamps.
        -:  343:// https://gcc.gnu.org/onlinedocs/libstdc++/manual/abi.html#abi.versioning
        -:  344:#if GTEST_LANG_CXX11 && \
        -:  345:    (!defined(__GLIBCXX__) || ( \
        -:  346:        __GLIBCXX__ >= 20110325ul &&  /* GCC >= 4.6.0 */ \
        -:  347:        /* Blacklist of patch releases of older branches: */ \
        -:  348:        __GLIBCXX__ != 20110416ul &&  /* GCC 4.4.6 */ \
        -:  349:        __GLIBCXX__ != 20120313ul &&  /* GCC 4.4.7 */ \
        -:  350:        __GLIBCXX__ != 20110428ul &&  /* GCC 4.5.3 */ \
        -:  351:        __GLIBCXX__ != 20120702ul))   /* GCC 4.5.4 */
        -:  352:# define GTEST_STDLIB_CXX11 1
        -:  353:#endif
        -:  354:
        -:  355:// Only use C++11 library features if the library provides them.
        -:  356:#if GTEST_STDLIB_CXX11
        -:  357:# define GTEST_HAS_STD_BEGIN_AND_END_ 1
        -:  358:# define GTEST_HAS_STD_FORWARD_LIST_ 1
        -:  359:# define GTEST_HAS_STD_FUNCTION_ 1
        -:  360:# define GTEST_HAS_STD_INITIALIZER_LIST_ 1
        -:  361:# define GTEST_HAS_STD_MOVE_ 1
        -:  362:# define GTEST_HAS_STD_SHARED_PTR_ 1
        -:  363:# define GTEST_HAS_STD_TYPE_TRAITS_ 1
        -:  364:# define GTEST_HAS_STD_UNIQUE_PTR_ 1
        -:  365:#endif
        -:  366:
        -:  367:// C++11 specifies that <tuple> provides std::tuple.
        -:  368:// Some platforms still might not have it, however.
        -:  369:#if GTEST_LANG_CXX11
        -:  370:# define GTEST_HAS_STD_TUPLE_ 1
        -:  371:# if defined(__clang__)
        -:  372:// Inspired by http://clang.llvm.org/docs/LanguageExtensions.html#__has_include
        -:  373:#  if defined(__has_include) && !__has_include(<tuple>)
        -:  374:#   undef GTEST_HAS_STD_TUPLE_
        -:  375:#  endif
        -:  376:# elif defined(_MSC_VER)
        -:  377:// Inspired by boost/config/stdlib/dinkumware.hpp
        -:  378:#  if defined(_CPPLIB_VER) && _CPPLIB_VER < 520
        -:  379:#   undef GTEST_HAS_STD_TUPLE_
        -:  380:#  endif
        -:  381:# elif defined(__GLIBCXX__)
        -:  382:// Inspired by boost/config/stdlib/libstdcpp3.hpp,
        -:  383:// http://gcc.gnu.org/gcc-4.2/changes.html and
        -:  384:// http://gcc.gnu.org/onlinedocs/libstdc++/manual/bk01pt01ch01.html#manual.intro.status.standard.200x
        -:  385:#  if __GNUC__ < 4 || (__GNUC__ == 4 && __GNUC_MINOR__ < 2)
        -:  386:#   undef GTEST_HAS_STD_TUPLE_
        -:  387:#  endif
        -:  388:# endif
        -:  389:#endif
        -:  390:
        -:  391:// Brings in definitions for functions used in the testing::internal::posix
        -:  392:// namespace (read, write, close, chdir, isatty, stat). We do not currently
        -:  393:// use them on Windows Mobile.
        -:  394:#if GTEST_OS_WINDOWS
        -:  395:# if !GTEST_OS_WINDOWS_MOBILE
        -:  396:#  include <direct.h>
        -:  397:#  include <io.h>
        -:  398:# endif
        -:  399:// In order to avoid having to include <windows.h>, use forward declaration
        -:  400:#if GTEST_OS_WINDOWS_MINGW && !defined(__MINGW64_VERSION_MAJOR)
        -:  401:// MinGW defined _CRITICAL_SECTION and _RTL_CRITICAL_SECTION as two
        -:  402:// separate (equivalent) structs, instead of using typedef
        -:  403:typedef struct _CRITICAL_SECTION GTEST_CRITICAL_SECTION;
        -:  404:#else
        -:  405:// Assume CRITICAL_SECTION is a typedef of _RTL_CRITICAL_SECTION.
        -:  406:// This assumption is verified by
        -:  407:// WindowsTypesTest.CRITICAL_SECTIONIs_RTL_CRITICAL_SECTION.
        -:  408:typedef struct _RTL_CRITICAL_SECTION GTEST_CRITICAL_SECTION;
        -:  409:#endif
        -:  410:#else
        -:  411:// This assumes that non-Windows OSes provide unistd.h. For OSes where this
        -:  412:// is not the case, we need to include headers that provide the functions
        -:  413:// mentioned above.
        -:  414:# include <unistd.h>
        -:  415:# include <strings.h>
        -:  416:#endif  // GTEST_OS_WINDOWS
        -:  417:
        -:  418:#if GTEST_OS_LINUX_ANDROID
        -:  419:// Used to define __ANDROID_API__ matching the target NDK API level.
        -:  420:#  include <android/api-level.h>  // NOLINT
        -:  421:#endif
        -:  422:
        -:  423:// Defines this to true iff Google Test can use POSIX regular expressions.
        -:  424:#ifndef GTEST_HAS_POSIX_RE
        -:  425:# if GTEST_OS_LINUX_ANDROID
        -:  426:// On Android, <regex.h> is only available starting with Gingerbread.
        -:  427:#  define GTEST_HAS_POSIX_RE (__ANDROID_API__ >= 9)
        -:  428:# else
        -:  429:#  define GTEST_HAS_POSIX_RE (!GTEST_OS_WINDOWS)
        -:  430:# endif
        -:  431:#endif
        -:  432:
        -:  433:#if GTEST_USES_PCRE
        -:  434:// The appropriate headers have already been included.
        -:  435:
        -:  436:#elif GTEST_HAS_POSIX_RE
        -:  437:
        -:  438:// On some platforms, <regex.h> needs someone to define size_t, and
        -:  439:// won't compile otherwise.  We can #include it here as we already
        -:  440:// included <stdlib.h>, which is guaranteed to define size_t through
        -:  441:// <stddef.h>.
        -:  442:# include <regex.h>  // NOLINT
        -:  443:
        -:  444:# define GTEST_USES_POSIX_RE 1
        -:  445:
        -:  446:#elif GTEST_OS_WINDOWS
        -:  447:
        -:  448:// <regex.h> is not available on Windows.  Use our own simple regex
        -:  449:// implementation instead.
        -:  450:# define GTEST_USES_SIMPLE_RE 1
        -:  451:
        -:  452:#else
        -:  453:
        -:  454:// <regex.h> may not be available on this platform.  Use our own
        -:  455:// simple regex implementation instead.
        -:  456:# define GTEST_USES_SIMPLE_RE 1
        -:  457:
        -:  458:#endif  // GTEST_USES_PCRE
        -:  459:
        -:  460:#ifndef GTEST_HAS_EXCEPTIONS
        -:  461:// The user didn't tell us whether exceptions are enabled, so we need
        -:  462:// to figure it out.
        -:  463:# if defined(_MSC_VER) || defined(__BORLANDC__)
        -:  464:// MSVC's and C++Builder's implementations of the STL use the _HAS_EXCEPTIONS
        -:  465:// macro to enable exceptions, so we'll do the same.
        -:  466:// Assumes that exceptions are enabled by default.
        -:  467:#  ifndef _HAS_EXCEPTIONS
        -:  468:#   define _HAS_EXCEPTIONS 1
        -:  469:#  endif  // _HAS_EXCEPTIONS
        -:  470:#  define GTEST_HAS_EXCEPTIONS _HAS_EXCEPTIONS
        -:  471:# elif defined(__clang__)
        -:  472:// clang defines __EXCEPTIONS iff exceptions are enabled before clang 220714,
        -:  473:// but iff cleanups are enabled after that. In Obj-C++ files, there can be
        -:  474:// cleanups for ObjC exceptions which also need cleanups, even if C++ exceptions
        -:  475:// are disabled. clang has __has_feature(cxx_exceptions) which checks for C++
        -:  476:// exceptions starting at clang r206352, but which checked for cleanups prior to
        -:  477:// that. To reliably check for C++ exception availability with clang, check for
        -:  478:// __EXCEPTIONS && __has_feature(cxx_exceptions).
        -:  479:#  define GTEST_HAS_EXCEPTIONS (__EXCEPTIONS && __has_feature(cxx_exceptions))
        -:  480:# elif defined(__GNUC__) && __EXCEPTIONS
        -:  481:// gcc defines __EXCEPTIONS to 1 iff exceptions are enabled.
        -:  482:#  define GTEST_HAS_EXCEPTIONS 1
        -:  483:# elif defined(__SUNPRO_CC)
        -:  484:// Sun Pro CC supports exceptions.  However, there is no compile-time way of
        -:  485:// detecting whether they are enabled or not.  Therefore, we assume that
        -:  486:// they are enabled unless the user tells us otherwise.
        -:  487:#  define GTEST_HAS_EXCEPTIONS 1
        -:  488:# elif defined(__IBMCPP__) && __EXCEPTIONS
        -:  489:// xlC defines __EXCEPTIONS to 1 iff exceptions are enabled.
        -:  490:#  define GTEST_HAS_EXCEPTIONS 1
        -:  491:# elif defined(__HP_aCC)
        -:  492:// Exception handling is in effect by default in HP aCC compiler. It has to
        -:  493:// be turned of by +noeh compiler option if desired.
        -:  494:#  define GTEST_HAS_EXCEPTIONS 1
        -:  495:# else
        -:  496:// For other compilers, we assume exceptions are disabled to be
        -:  497:// conservative.
        -:  498:#  define GTEST_HAS_EXCEPTIONS 0
        -:  499:# endif  // defined(_MSC_VER) || defined(__BORLANDC__)
        -:  500:#endif  // GTEST_HAS_EXCEPTIONS
        -:  501:
        -:  502:#if !defined(GTEST_HAS_STD_STRING)
        -:  503:// Even though we don't use this macro any longer, we keep it in case
        -:  504:// some clients still depend on it.
        -:  505:# define GTEST_HAS_STD_STRING 1
        -:  506:#elif !GTEST_HAS_STD_STRING
        -:  507:// The user told us that ::std::string isn't available.
        -:  508:# error "Google Test cannot be used where ::std::string isn't available."
        -:  509:#endif  // !defined(GTEST_HAS_STD_STRING)
        -:  510:
        -:  511:#ifndef GTEST_HAS_GLOBAL_STRING
        -:  512:// The user didn't tell us whether ::string is available, so we need
        -:  513:// to figure it out.
        -:  514:
        -:  515:# define GTEST_HAS_GLOBAL_STRING 0
        -:  516:
        -:  517:#endif  // GTEST_HAS_GLOBAL_STRING
        -:  518:
        -:  519:#ifndef GTEST_HAS_STD_WSTRING
        -:  520:// The user didn't tell us whether ::std::wstring is available, so we need
        -:  521:// to figure it out.
        -:  522:// TODO(wan@google.com): uses autoconf to detect whether ::std::wstring
        -:  523://   is available.
        -:  524:
        -:  525:// Cygwin 1.7 and below doesn't support ::std::wstring.
        -:  526:// Solaris' libc++ doesn't support it either.  Android has
        -:  527:// no support for it at least as recent as Froyo (2.2).
        -:  528:# define GTEST_HAS_STD_WSTRING \
        -:  529:    (!(GTEST_OS_LINUX_ANDROID || GTEST_OS_CYGWIN || GTEST_OS_SOLARIS))
        -:  530:
        -:  531:#endif  // GTEST_HAS_STD_WSTRING
        -:  532:
        -:  533:#ifndef GTEST_HAS_GLOBAL_WSTRING
        -:  534:// The user didn't tell us whether ::wstring is available, so we need
        -:  535:// to figure it out.
        -:  536:# define GTEST_HAS_GLOBAL_WSTRING \
        -:  537:    (GTEST_HAS_STD_WSTRING && GTEST_HAS_GLOBAL_STRING)
        -:  538:#endif  // GTEST_HAS_GLOBAL_WSTRING
        -:  539:
        -:  540:// Determines whether RTTI is available.
        -:  541:#ifndef GTEST_HAS_RTTI
        -:  542:// The user didn't tell us whether RTTI is enabled, so we need to
        -:  543:// figure it out.
        -:  544:
        -:  545:# ifdef _MSC_VER
        -:  546:
        -:  547:#  ifdef _CPPRTTI  // MSVC defines this macro iff RTTI is enabled.
        -:  548:#   define GTEST_HAS_RTTI 1
        -:  549:#  else
        -:  550:#   define GTEST_HAS_RTTI 0
        -:  551:#  endif
        -:  552:
        -:  553:// Starting with version 4.3.2, gcc defines __GXX_RTTI iff RTTI is enabled.
        -:  554:# elif defined(__GNUC__) && (GTEST_GCC_VER_ >= 40302)
        -:  555:
        -:  556:#  ifdef __GXX_RTTI
        -:  557:// When building against STLport with the Android NDK and with
        -:  558:// -frtti -fno-exceptions, the build fails at link time with undefined
        -:  559:// references to __cxa_bad_typeid. Note sure if STL or toolchain bug,
        -:  560:// so disable RTTI when detected.
        -:  561:#   if GTEST_OS_LINUX_ANDROID && defined(_STLPORT_MAJOR) && \
        -:  562:       !defined(__EXCEPTIONS)
        -:  563:#    define GTEST_HAS_RTTI 0
        -:  564:#   else
        -:  565:#    define GTEST_HAS_RTTI 1
        -:  566:#   endif  // GTEST_OS_LINUX_ANDROID && __STLPORT_MAJOR && !__EXCEPTIONS
        -:  567:#  else
        -:  568:#   define GTEST_HAS_RTTI 0
        -:  569:#  endif  // __GXX_RTTI
        -:  570:
        -:  571:// Clang defines __GXX_RTTI starting with version 3.0, but its manual recommends
        -:  572:// using has_feature instead. has_feature(cxx_rtti) is supported since 2.7, the
        -:  573:// first version with C++ support.
        -:  574:# elif defined(__clang__)
        -:  575:
        -:  576:#  define GTEST_HAS_RTTI __has_feature(cxx_rtti)
        -:  577:
        -:  578:// Starting with version 9.0 IBM Visual Age defines __RTTI_ALL__ to 1 if
        -:  579:// both the typeid and dynamic_cast features are present.
        -:  580:# elif defined(__IBMCPP__) && (__IBMCPP__ >= 900)
        -:  581:
        -:  582:#  ifdef __RTTI_ALL__
        -:  583:#   define GTEST_HAS_RTTI 1
        -:  584:#  else
        -:  585:#   define GTEST_HAS_RTTI 0
        -:  586:#  endif
        -:  587:
        -:  588:# else
        -:  589:
        -:  590:// For all other compilers, we assume RTTI is enabled.
        -:  591:#  define GTEST_HAS_RTTI 1
        -:  592:
        -:  593:# endif  // _MSC_VER
        -:  594:
        -:  595:#endif  // GTEST_HAS_RTTI
        -:  596:
        -:  597:// It's this header's responsibility to #include <typeinfo> when RTTI
        -:  598:// is enabled.
        -:  599:#if GTEST_HAS_RTTI
        -:  600:# include <typeinfo>
        -:  601:#endif
        -:  602:
        -:  603:// Determines whether Google Test can use the pthreads library.
        -:  604:#ifndef GTEST_HAS_PTHREAD
        -:  605:// The user didn't tell us explicitly, so we make reasonable assumptions about
        -:  606:// which platforms have pthreads support.
        -:  607://
        -:  608:// To disable threading support in Google Test, add -DGTEST_HAS_PTHREAD=0
        -:  609:// to your compiler flags.
        -:  610:# define GTEST_HAS_PTHREAD (GTEST_OS_LINUX || GTEST_OS_MAC || GTEST_OS_HPUX \
        -:  611:    || GTEST_OS_QNX || GTEST_OS_FREEBSD || GTEST_OS_NACL || GTEST_OS_NETBSD)
        -:  612:#endif  // GTEST_HAS_PTHREAD
        -:  613:
        -:  614:#if GTEST_HAS_PTHREAD
        -:  615:// gtest-port.h guarantees to #include <pthread.h> when GTEST_HAS_PTHREAD is
        -:  616:// true.
        -:  617:# include <pthread.h>  // NOLINT
        -:  618:
        -:  619:// For timespec and nanosleep, used below.
        -:  620:# include <time.h>  // NOLINT
        -:  621:#endif
        -:  622:
        -:  623:// Determines if hash_map/hash_set are available.
        -:  624:// Only used for testing against those containers.
        -:  625:#if !defined(GTEST_HAS_HASH_MAP_)
        -:  626:# if defined(_MSC_VER) && (_MSC_VER < 1900)
        -:  627:#  define GTEST_HAS_HASH_MAP_ 1  // Indicates that hash_map is available.
        -:  628:#  define GTEST_HAS_HASH_SET_ 1  // Indicates that hash_set is available.
        -:  629:# endif  // _MSC_VER
        -:  630:#endif  // !defined(GTEST_HAS_HASH_MAP_)
        -:  631:
        -:  632:// Determines whether Google Test can use tr1/tuple.  You can define
        -:  633:// this macro to 0 to prevent Google Test from using tuple (any
        -:  634:// feature depending on tuple with be disabled in this mode).
        -:  635:#ifndef GTEST_HAS_TR1_TUPLE
        -:  636:# if GTEST_OS_LINUX_ANDROID && defined(_STLPORT_MAJOR)
        -:  637:// STLport, provided with the Android NDK, has neither <tr1/tuple> or <tuple>.
        -:  638:#  define GTEST_HAS_TR1_TUPLE 0
        -:  639:# else
        -:  640:// The user didn't tell us not to do it, so we assume it's OK.
        -:  641:#  define GTEST_HAS_TR1_TUPLE 1
        -:  642:# endif
        -:  643:#endif  // GTEST_HAS_TR1_TUPLE
        -:  644:
        -:  645:// Determines whether Google Test's own tr1 tuple implementation
        -:  646:// should be used.
        -:  647:#ifndef GTEST_USE_OWN_TR1_TUPLE
        -:  648:// The user didn't tell us, so we need to figure it out.
        -:  649:
        -:  650:// We use our own TR1 tuple if we aren't sure the user has an
        -:  651:// implementation of it already.  At this time, libstdc++ 4.0.0+ and
        -:  652:// MSVC 2010 are the only mainstream standard libraries that come
        -:  653:// with a TR1 tuple implementation.  NVIDIA's CUDA NVCC compiler
        -:  654:// pretends to be GCC by defining __GNUC__ and friends, but cannot
        -:  655:// compile GCC's tuple implementation.  MSVC 2008 (9.0) provides TR1
        -:  656:// tuple in a 323 MB Feature Pack download, which we cannot assume the
        -:  657:// user has.  QNX's QCC compiler is a modified GCC but it doesn't
        -:  658:// support TR1 tuple.  libc++ only provides std::tuple, in C++11 mode,
        -:  659:// and it can be used with some compilers that define __GNUC__.
        -:  660:# if (defined(__GNUC__) && !defined(__CUDACC__) && (GTEST_GCC_VER_ >= 40000) \
        -:  661:      && !GTEST_OS_QNX && !defined(_LIBCPP_VERSION)) || _MSC_VER >= 1600
        -:  662:#  define GTEST_ENV_HAS_TR1_TUPLE_ 1
        -:  663:# endif
        -:  664:
        -:  665:// C++11 specifies that <tuple> provides std::tuple. Use that if gtest is used
        -:  666:// in C++11 mode and libstdc++ isn't very old (binaries targeting OS X 10.6
        -:  667:// can build with clang but need to use gcc4.2's libstdc++).
        -:  668:# if GTEST_LANG_CXX11 && (!defined(__GLIBCXX__) || __GLIBCXX__ > 20110325)
        -:  669:#  define GTEST_ENV_HAS_STD_TUPLE_ 1
        -:  670:# endif
        -:  671:
        -:  672:# if GTEST_ENV_HAS_TR1_TUPLE_ || GTEST_ENV_HAS_STD_TUPLE_
        -:  673:#  define GTEST_USE_OWN_TR1_TUPLE 0
        -:  674:# else
        -:  675:#  define GTEST_USE_OWN_TR1_TUPLE 1
        -:  676:# endif
        -:  677:
        -:  678:#endif  // GTEST_USE_OWN_TR1_TUPLE
        -:  679:
        -:  680:// To avoid conditional compilation everywhere, we make it
        -:  681:// gtest-port.h's responsibility to #include the header implementing
        -:  682:// tuple.
        -:  683:#if GTEST_HAS_STD_TUPLE_
        -:  684:# include <tuple>  // IWYU pragma: export
        -:  685:# define GTEST_TUPLE_NAMESPACE_ ::std
        -:  686:#endif  // GTEST_HAS_STD_TUPLE_
        -:  687:
        -:  688:// We include tr1::tuple even if std::tuple is available to define printers for
        -:  689:// them.
        -:  690:#if GTEST_HAS_TR1_TUPLE
        -:  691:# ifndef GTEST_TUPLE_NAMESPACE_
        -:  692:#  define GTEST_TUPLE_NAMESPACE_ ::std::tr1
        -:  693:# endif  // GTEST_TUPLE_NAMESPACE_
        -:  694:
        -:  695:# if GTEST_USE_OWN_TR1_TUPLE
        -:  696:#  include "gtest/internal/gtest-tuple.h"  // IWYU pragma: export  // NOLINT
        -:  697:# elif GTEST_ENV_HAS_STD_TUPLE_
        -:  698:#  include <tuple>
        -:  699:// C++11 puts its tuple into the ::std namespace rather than
        -:  700:// ::std::tr1.  gtest expects tuple to live in ::std::tr1, so put it there.
        -:  701:// This causes undefined behavior, but supported compilers react in
        -:  702:// the way we intend.
        -:  703:namespace std {
        -:  704:namespace tr1 {
        -:  705:using ::std::get;
        -:  706:using ::std::make_tuple;
        -:  707:using ::std::tuple;
        -:  708:using ::std::tuple_element;
        -:  709:using ::std::tuple_size;
        -:  710:}
        -:  711:}
        -:  712:
        -:  713:# elif GTEST_OS_SYMBIAN
        -:  714:
        -:  715:// On Symbian, BOOST_HAS_TR1_TUPLE causes Boost's TR1 tuple library to
        -:  716:// use STLport's tuple implementation, which unfortunately doesn't
        -:  717:// work as the copy of STLport distributed with Symbian is incomplete.
        -:  718:// By making sure BOOST_HAS_TR1_TUPLE is undefined, we force Boost to
        -:  719:// use its own tuple implementation.
        -:  720:#  ifdef BOOST_HAS_TR1_TUPLE
        -:  721:#   undef BOOST_HAS_TR1_TUPLE
        -:  722:#  endif  // BOOST_HAS_TR1_TUPLE
        -:  723:
        -:  724:// This prevents <boost/tr1/detail/config.hpp>, which defines
        -:  725:// BOOST_HAS_TR1_TUPLE, from being #included by Boost's <tuple>.
        -:  726:#  define BOOST_TR1_DETAIL_CONFIG_HPP_INCLUDED
        -:  727:#  include <tuple>  // IWYU pragma: export  // NOLINT
        -:  728:
        -:  729:# elif defined(__GNUC__) && (GTEST_GCC_VER_ >= 40000)
        -:  730:// GCC 4.0+ implements tr1/tuple in the <tr1/tuple> header.  This does
        -:  731:// not conform to the TR1 spec, which requires the header to be <tuple>.
        -:  732:
        -:  733:#  if !GTEST_HAS_RTTI && GTEST_GCC_VER_ < 40302
        -:  734:// Until version 4.3.2, gcc has a bug that causes <tr1/functional>,
        -:  735:// which is #included by <tr1/tuple>, to not compile when RTTI is
        -:  736:// disabled.  _TR1_FUNCTIONAL is the header guard for
        -:  737:// <tr1/functional>.  Hence the following #define is a hack to prevent
        -:  738:// <tr1/functional> from being included.
        -:  739:#   define _TR1_FUNCTIONAL 1
        -:  740:#   include <tr1/tuple>
        -:  741:#   undef _TR1_FUNCTIONAL  // Allows the user to #include
        -:  742:                        // <tr1/functional> if he chooses to.
        -:  743:#  else
        -:  744:#   include <tr1/tuple>  // NOLINT
        -:  745:#  endif  // !GTEST_HAS_RTTI && GTEST_GCC_VER_ < 40302
        -:  746:
        -:  747:# else
        -:  748:// If the compiler is not GCC 4.0+, we assume the user is using a
        -:  749:// spec-conforming TR1 implementation.
        -:  750:#  include <tuple>  // IWYU pragma: export  // NOLINT
        -:  751:# endif  // GTEST_USE_OWN_TR1_TUPLE
        -:  752:
        -:  753:#endif  // GTEST_HAS_TR1_TUPLE
        -:  754:
        -:  755:// Determines whether clone(2) is supported.
        -:  756:// Usually it will only be available on Linux, excluding
        -:  757:// Linux on the Itanium architecture.
        -:  758:// Also see http://linux.die.net/man/2/clone.
        -:  759:#ifndef GTEST_HAS_CLONE
        -:  760:// The user didn't tell us, so we need to figure it out.
        -:  761:
        -:  762:# if GTEST_OS_LINUX && !defined(__ia64__)
        -:  763:#  if GTEST_OS_LINUX_ANDROID
        -:  764:// On Android, clone() became available at different API levels for each 32-bit
        -:  765:// architecture.
        -:  766:#    if defined(__LP64__) || \
        -:  767:        (defined(__arm__) && __ANDROID_API__ >= 9) || \
        -:  768:        (defined(__mips__) && __ANDROID_API__ >= 12) || \
        -:  769:        (defined(__i386__) && __ANDROID_API__ >= 17)
        -:  770:#     define GTEST_HAS_CLONE 1
        -:  771:#    else
        -:  772:#     define GTEST_HAS_CLONE 0
        -:  773:#    endif
        -:  774:#  else
        -:  775:#   define GTEST_HAS_CLONE 1
        -:  776:#  endif
        -:  777:# else
        -:  778:#  define GTEST_HAS_CLONE 0
        -:  779:# endif  // GTEST_OS_LINUX && !defined(__ia64__)
        -:  780:
        -:  781:#endif  // GTEST_HAS_CLONE
        -:  782:
        -:  783:// Determines whether to support stream redirection. This is used to test
        -:  784:// output correctness and to implement death tests.
        -:  785:#ifndef GTEST_HAS_STREAM_REDIRECTION
        -:  786:// By default, we assume that stream redirection is supported on all
        -:  787:// platforms except known mobile ones.
        -:  788:# if GTEST_OS_WINDOWS_MOBILE || GTEST_OS_SYMBIAN || \
        -:  789:    GTEST_OS_WINDOWS_PHONE || GTEST_OS_WINDOWS_RT
        -:  790:#  define GTEST_HAS_STREAM_REDIRECTION 0
        -:  791:# else
        -:  792:#  define GTEST_HAS_STREAM_REDIRECTION 1
        -:  793:# endif  // !GTEST_OS_WINDOWS_MOBILE && !GTEST_OS_SYMBIAN
        -:  794:#endif  // GTEST_HAS_STREAM_REDIRECTION
        -:  795:
        -:  796:// Determines whether to support death tests.
        -:  797:// Google Test does not support death tests for VC 7.1 and earlier as
        -:  798:// abort() in a VC 7.1 application compiled as GUI in debug config
        -:  799:// pops up a dialog window that cannot be suppressed programmatically.
        -:  800:#if (GTEST_OS_LINUX || GTEST_OS_CYGWIN || GTEST_OS_SOLARIS || \
        -:  801:     (GTEST_OS_MAC && !GTEST_OS_IOS) || \
        -:  802:     (GTEST_OS_WINDOWS_DESKTOP && _MSC_VER >= 1400) || \
        -:  803:     GTEST_OS_WINDOWS_MINGW || GTEST_OS_AIX || GTEST_OS_HPUX || \
        -:  804:     GTEST_OS_OPENBSD || GTEST_OS_QNX || GTEST_OS_FREEBSD || GTEST_OS_NETBSD)
        -:  805:# define GTEST_HAS_DEATH_TEST 1
        -:  806:#endif
        -:  807:
        -:  808:// We don't support MSVC 7.1 with exceptions disabled now.  Therefore
        -:  809:// all the compilers we care about are adequate for supporting
        -:  810:// value-parameterized tests.
        -:  811:#define GTEST_HAS_PARAM_TEST 1
        -:  812:
        -:  813:// Determines whether to support type-driven tests.
        -:  814:
        -:  815:// Typed tests need <typeinfo> and variadic macros, which GCC, VC++ 8.0,
        -:  816:// Sun Pro CC, IBM Visual Age, and HP aCC support.
        -:  817:#if defined(__GNUC__) || (_MSC_VER >= 1400) || defined(__SUNPRO_CC) || \
        -:  818:    defined(__IBMCPP__) || defined(__HP_aCC)
        -:  819:# define GTEST_HAS_TYPED_TEST 1
        -:  820:# define GTEST_HAS_TYPED_TEST_P 1
        -:  821:#endif
        -:  822:
        -:  823:// Determines whether to support Combine(). This only makes sense when
        -:  824:// value-parameterized tests are enabled.  The implementation doesn't
        -:  825:// work on Sun Studio since it doesn't understand templated conversion
        -:  826:// operators.
        -:  827:#if GTEST_HAS_PARAM_TEST && GTEST_HAS_TR1_TUPLE && !defined(__SUNPRO_CC)
        -:  828:# define GTEST_HAS_COMBINE 1
        -:  829:#endif
        -:  830:
        -:  831:// Determines whether the system compiler uses UTF-16 for encoding wide strings.
        -:  832:#define GTEST_WIDE_STRING_USES_UTF16_ \
        -:  833:    (GTEST_OS_WINDOWS || GTEST_OS_CYGWIN || GTEST_OS_SYMBIAN || GTEST_OS_AIX)
        -:  834:
        -:  835:// Determines whether test results can be streamed to a socket.
        -:  836:#if GTEST_OS_LINUX
        -:  837:# define GTEST_CAN_STREAM_RESULTS_ 1
        -:  838:#endif
        -:  839:
        -:  840:// Defines some utility macros.
        -:  841:
        -:  842:// The GNU compiler emits a warning if nested "if" statements are followed by
        -:  843:// an "else" statement and braces are not used to explicitly disambiguate the
        -:  844:// "else" binding.  This leads to problems with code like:
        -:  845://
        -:  846://   if (gate)
        -:  847://     ASSERT_*(condition) << "Some message";
        -:  848://
        -:  849:// The "switch (0) case 0:" idiom is used to suppress this.
        -:  850:#ifdef __INTEL_COMPILER
        -:  851:# define GTEST_AMBIGUOUS_ELSE_BLOCKER_
        -:  852:#else
        -:  853:# define GTEST_AMBIGUOUS_ELSE_BLOCKER_ switch (0) case 0: default:  // NOLINT
        -:  854:#endif
        -:  855:
        -:  856:// Use this annotation at the end of a struct/class definition to
        -:  857:// prevent the compiler from optimizing away instances that are never
        -:  858:// used.  This is useful when all interesting logic happens inside the
        -:  859:// c'tor and / or d'tor.  Example:
        -:  860://
        -:  861://   struct Foo {
        -:  862://     Foo() { ... }
        -:  863://   } GTEST_ATTRIBUTE_UNUSED_;
        -:  864://
        -:  865:// Also use it after a variable or parameter declaration to tell the
        -:  866:// compiler the variable/parameter does not have to be used.
        -:  867:#if defined(__GNUC__) && !defined(COMPILER_ICC)
        -:  868:# define GTEST_ATTRIBUTE_UNUSED_ __attribute__ ((unused))
        -:  869:#elif defined(__clang__)
        -:  870:# if __has_attribute(unused)
        -:  871:#  define GTEST_ATTRIBUTE_UNUSED_ __attribute__ ((unused))
        -:  872:# endif
        -:  873:#endif
        -:  874:#ifndef GTEST_ATTRIBUTE_UNUSED_
        -:  875:# define GTEST_ATTRIBUTE_UNUSED_
        -:  876:#endif
        -:  877:
        -:  878:// Use this annotation before a function that takes a printf format string.
        -:  879:#if defined(__GNUC__) && !defined(COMPILER_ICC)
        -:  880:# if defined(__MINGW_PRINTF_FORMAT)
        -:  881:// MinGW has two different printf implementations. Ensure the format macro
        -:  882:// matches the selected implementation. See
        -:  883:// https://sourceforge.net/p/mingw-w64/wiki2/gnu%20printf/.
        -:  884:#  define GTEST_ATTRIBUTE_PRINTF_(string_index, first_to_check) \
        -:  885:       __attribute__((__format__(__MINGW_PRINTF_FORMAT, string_index, \
        -:  886:                                 first_to_check)))
        -:  887:# else
        -:  888:#  define GTEST_ATTRIBUTE_PRINTF_(string_index, first_to_check) \
        -:  889:       __attribute__((__format__(__printf__, string_index, first_to_check)))
        -:  890:# endif
        -:  891:#else
        -:  892:# define GTEST_ATTRIBUTE_PRINTF_(string_index, first_to_check)
        -:  893:#endif
        -:  894:
        -:  895:// A macro to disallow operator=
        -:  896:// This should be used in the private: declarations for a class.
        -:  897:#define GTEST_DISALLOW_ASSIGN_(type)\
        -:  898:  void operator=(type const &)
        -:  899:
        -:  900:// A macro to disallow copy constructor and operator=
        -:  901:// This should be used in the private: declarations for a class.
        -:  902:#define GTEST_DISALLOW_COPY_AND_ASSIGN_(type)\
        -:  903:  type(type const &);\
        -:  904:  GTEST_DISALLOW_ASSIGN_(type)
        -:  905:
        -:  906:// Tell the compiler to warn about unused return values for functions declared
        -:  907:// with this macro.  The macro should be used on function declarations
        -:  908:// following the argument list:
        -:  909://
        -:  910://   Sprocket* AllocateSprocket() GTEST_MUST_USE_RESULT_;
        -:  911:#if defined(__GNUC__) && (GTEST_GCC_VER_ >= 30400) && !defined(COMPILER_ICC)
        -:  912:# define GTEST_MUST_USE_RESULT_ __attribute__ ((warn_unused_result))
        -:  913:#else
        -:  914:# define GTEST_MUST_USE_RESULT_
        -:  915:#endif  // __GNUC__ && (GTEST_GCC_VER_ >= 30400) && !COMPILER_ICC
        -:  916:
        -:  917:// MS C++ compiler emits warning when a conditional expression is compile time
        -:  918:// constant. In some contexts this warning is false positive and needs to be
        -:  919:// suppressed. Use the following two macros in such cases:
        -:  920://
        -:  921:// GTEST_INTENTIONAL_CONST_COND_PUSH_()
        -:  922:// while (true) {
        -:  923:// GTEST_INTENTIONAL_CONST_COND_POP_()
        -:  924:// }
        -:  925:# define GTEST_INTENTIONAL_CONST_COND_PUSH_() \
        -:  926:    GTEST_DISABLE_MSC_WARNINGS_PUSH_(4127)
        -:  927:# define GTEST_INTENTIONAL_CONST_COND_POP_() \
        -:  928:    GTEST_DISABLE_MSC_WARNINGS_POP_()
        -:  929:
        -:  930:// Determine whether the compiler supports Microsoft's Structured Exception
        -:  931:// Handling.  This is supported by several Windows compilers but generally
        -:  932:// does not exist on any other system.
        -:  933:#ifndef GTEST_HAS_SEH
        -:  934:// The user didn't tell us, so we need to figure it out.
        -:  935:
        -:  936:# if defined(_MSC_VER) || defined(__BORLANDC__)
        -:  937:// These two compilers are known to support SEH.
        -:  938:#  define GTEST_HAS_SEH 1
        -:  939:# else
        -:  940:// Assume no SEH.
        -:  941:#  define GTEST_HAS_SEH 0
        -:  942:# endif
        -:  943:
        -:  944:#define GTEST_IS_THREADSAFE \
        -:  945:    (GTEST_HAS_MUTEX_AND_THREAD_LOCAL_ \
        -:  946:     || (GTEST_OS_WINDOWS && !GTEST_OS_WINDOWS_PHONE && !GTEST_OS_WINDOWS_RT) \
        -:  947:     || GTEST_HAS_PTHREAD)
        -:  948:
        -:  949:#endif  // GTEST_HAS_SEH
        -:  950:
        -:  951:// GTEST_API_ qualifies all symbols that must be exported. The definitions below
        -:  952:// are guarded by #ifndef to give embedders a chance to define GTEST_API_ in
        -:  953:// gtest/internal/custom/gtest-port.h
        -:  954:#ifndef GTEST_API_
        -:  955:
        -:  956:#ifdef _MSC_VER
        -:  957:# if GTEST_LINKED_AS_SHARED_LIBRARY
        -:  958:#  define GTEST_API_ __declspec(dllimport)
        -:  959:# elif GTEST_CREATE_SHARED_LIBRARY
        -:  960:#  define GTEST_API_ __declspec(dllexport)
        -:  961:# endif
        -:  962:#elif __GNUC__ >= 4 || defined(__clang__)
        -:  963:# define GTEST_API_ __attribute__((visibility ("default")))
        -:  964:#endif // _MSC_VER
        -:  965:
        -:  966:#endif // GTEST_API_
        -:  967:
        -:  968:#ifndef GTEST_API_
        -:  969:# define GTEST_API_
        -:  970:#endif // GTEST_API_
        -:  971:
        -:  972:#ifdef __GNUC__
        -:  973:// Ask the compiler to never inline a given function.
        -:  974:# define GTEST_NO_INLINE_ __attribute__((noinline))
        -:  975:#else
        -:  976:# define GTEST_NO_INLINE_
        -:  977:#endif
        -:  978:
        -:  979:// _LIBCPP_VERSION is defined by the libc++ library from the LLVM project.
        -:  980:#if defined(__GLIBCXX__) || defined(_LIBCPP_VERSION)
        -:  981:# define GTEST_HAS_CXXABI_H_ 1
        -:  982:#else
        -:  983:# define GTEST_HAS_CXXABI_H_ 0
        -:  984:#endif
        -:  985:
        -:  986:// A function level attribute to disable checking for use of uninitialized
        -:  987:// memory when built with MemorySanitizer.
        -:  988:#if defined(__clang__)
        -:  989:# if __has_feature(memory_sanitizer)
        -:  990:#  define GTEST_ATTRIBUTE_NO_SANITIZE_MEMORY_ \
        -:  991:       __attribute__((no_sanitize_memory))
        -:  992:# else
        -:  993:#  define GTEST_ATTRIBUTE_NO_SANITIZE_MEMORY_
        -:  994:# endif  // __has_feature(memory_sanitizer)
        -:  995:#else
        -:  996:# define GTEST_ATTRIBUTE_NO_SANITIZE_MEMORY_
        -:  997:#endif  // __clang__
        -:  998:
        -:  999:// A function level attribute to disable AddressSanitizer instrumentation.
        -: 1000:#if defined(__clang__)
        -: 1001:# if __has_feature(address_sanitizer)
        -: 1002:#  define GTEST_ATTRIBUTE_NO_SANITIZE_ADDRESS_ \
        -: 1003:       __attribute__((no_sanitize_address))
        -: 1004:# else
        -: 1005:#  define GTEST_ATTRIBUTE_NO_SANITIZE_ADDRESS_
        -: 1006:# endif  // __has_feature(address_sanitizer)
        -: 1007:#else
        -: 1008:# define GTEST_ATTRIBUTE_NO_SANITIZE_ADDRESS_
        -: 1009:#endif  // __clang__
        -: 1010:
        -: 1011:// A function level attribute to disable ThreadSanitizer instrumentation.
        -: 1012:#if defined(__clang__)
        -: 1013:# if __has_feature(thread_sanitizer)
        -: 1014:#  define GTEST_ATTRIBUTE_NO_SANITIZE_THREAD_ \
        -: 1015:       __attribute__((no_sanitize_thread))
        -: 1016:# else
        -: 1017:#  define GTEST_ATTRIBUTE_NO_SANITIZE_THREAD_
        -: 1018:# endif  // __has_feature(thread_sanitizer)
        -: 1019:#else
        -: 1020:# define GTEST_ATTRIBUTE_NO_SANITIZE_THREAD_
        -: 1021:#endif  // __clang__
        -: 1022:
        -: 1023:namespace testing {
        -: 1024:
        -: 1025:class Message;
        -: 1026:
        -: 1027:#if defined(GTEST_TUPLE_NAMESPACE_)
        -: 1028:// Import tuple and friends into the ::testing namespace.
        -: 1029:// It is part of our interface, having them in ::testing allows us to change
        -: 1030:// their types as needed.
        -: 1031:using GTEST_TUPLE_NAMESPACE_::get;
        -: 1032:using GTEST_TUPLE_NAMESPACE_::make_tuple;
        -: 1033:using GTEST_TUPLE_NAMESPACE_::tuple;
        -: 1034:using GTEST_TUPLE_NAMESPACE_::tuple_size;
        -: 1035:using GTEST_TUPLE_NAMESPACE_::tuple_element;
        -: 1036:#endif  // defined(GTEST_TUPLE_NAMESPACE_)
        -: 1037:
        -: 1038:namespace internal {
        -: 1039:
        -: 1040:// A secret type that Google Test users don't know about.  It has no
        -: 1041:// definition on purpose.  Therefore it's impossible to create a
        -: 1042:// Secret object, which is what we want.
        -: 1043:class Secret;
        -: 1044:
        -: 1045:// The GTEST_COMPILE_ASSERT_ macro can be used to verify that a compile time
        -: 1046:// expression is true. For example, you could use it to verify the
        -: 1047:// size of a static array:
        -: 1048://
        -: 1049://   GTEST_COMPILE_ASSERT_(GTEST_ARRAY_SIZE_(names) == NUM_NAMES,
        -: 1050://                         names_incorrect_size);
        -: 1051://
        -: 1052:// or to make sure a struct is smaller than a certain size:
        -: 1053://
        -: 1054://   GTEST_COMPILE_ASSERT_(sizeof(foo) < 128, foo_too_large);
        -: 1055://
        -: 1056:// The second argument to the macro is the name of the variable. If
        -: 1057:// the expression is false, most compilers will issue a warning/error
        -: 1058:// containing the name of the variable.
        -: 1059:
        -: 1060:#if GTEST_LANG_CXX11
        -: 1061:# define GTEST_COMPILE_ASSERT_(expr, msg) static_assert(expr, #msg)
        -: 1062:#else  // !GTEST_LANG_CXX11
        -: 1063:template <bool>
        -: 1064:  struct CompileAssert {
        -: 1065:};
        -: 1066:
        -: 1067:# define GTEST_COMPILE_ASSERT_(expr, msg) \
        -: 1068:  typedef ::testing::internal::CompileAssert<(static_cast<bool>(expr))> \
        -: 1069:      msg[static_cast<bool>(expr) ? 1 : -1] GTEST_ATTRIBUTE_UNUSED_
        -: 1070:#endif  // !GTEST_LANG_CXX11
        -: 1071:
        -: 1072:// Implementation details of GTEST_COMPILE_ASSERT_:
        -: 1073://
        -: 1074:// (In C++11, we simply use static_assert instead of the following)
        -: 1075://
        -: 1076:// - GTEST_COMPILE_ASSERT_ works by defining an array type that has -1
        -: 1077://   elements (and thus is invalid) when the expression is false.
        -: 1078://
        -: 1079:// - The simpler definition
        -: 1080://
        -: 1081://    #define GTEST_COMPILE_ASSERT_(expr, msg) typedef char msg[(expr) ? 1 : -1]
        -: 1082://
        -: 1083://   does not work, as gcc supports variable-length arrays whose sizes
        -: 1084://   are determined at run-time (this is gcc's extension and not part
        -: 1085://   of the C++ standard).  As a result, gcc fails to reject the
        -: 1086://   following code with the simple definition:
        -: 1087://
        -: 1088://     int foo;
        -: 1089://     GTEST_COMPILE_ASSERT_(foo, msg); // not supposed to compile as foo is
        -: 1090://                                      // not a compile-time constant.
        -: 1091://
        -: 1092:// - By using the type CompileAssert<(bool(expr))>, we ensures that
        -: 1093://   expr is a compile-time constant.  (Template arguments must be
        -: 1094://   determined at compile-time.)
        -: 1095://
        -: 1096:// - The outter parentheses in CompileAssert<(bool(expr))> are necessary
        -: 1097://   to work around a bug in gcc 3.4.4 and 4.0.1.  If we had written
        -: 1098://
        -: 1099://     CompileAssert<bool(expr)>
        -: 1100://
        -: 1101://   instead, these compilers will refuse to compile
        -: 1102://
        -: 1103://     GTEST_COMPILE_ASSERT_(5 > 0, some_message);
        -: 1104://
        -: 1105://   (They seem to think the ">" in "5 > 0" marks the end of the
        -: 1106://   template argument list.)
        -: 1107://
        -: 1108:// - The array size is (bool(expr) ? 1 : -1), instead of simply
        -: 1109://
        -: 1110://     ((expr) ? 1 : -1).
        -: 1111://
        -: 1112://   This is to avoid running into a bug in MS VC 7.1, which
        -: 1113://   causes ((0.0) ? 1 : -1) to incorrectly evaluate to 1.
        -: 1114:
        -: 1115:// StaticAssertTypeEqHelper is used by StaticAssertTypeEq defined in gtest.h.
        -: 1116://
        -: 1117:// This template is declared, but intentionally undefined.
        -: 1118:template <typename T1, typename T2>
        -: 1119:struct StaticAssertTypeEqHelper;
        -: 1120:
        -: 1121:template <typename T>
        -: 1122:struct StaticAssertTypeEqHelper<T, T> {
        -: 1123:  enum { value = true };
        -: 1124:};
        -: 1125:
        -: 1126:// Evaluates to the number of elements in 'array'.
        -: 1127:#define GTEST_ARRAY_SIZE_(array) (sizeof(array) / sizeof(array[0]))
        -: 1128:
        -: 1129:#if GTEST_HAS_GLOBAL_STRING
        -: 1130:typedef ::string string;
        -: 1131:#else
        -: 1132:typedef ::std::string string;
        -: 1133:#endif  // GTEST_HAS_GLOBAL_STRING
        -: 1134:
        -: 1135:#if GTEST_HAS_GLOBAL_WSTRING
        -: 1136:typedef ::wstring wstring;
        -: 1137:#elif GTEST_HAS_STD_WSTRING
        -: 1138:typedef ::std::wstring wstring;
        -: 1139:#endif  // GTEST_HAS_GLOBAL_WSTRING
        -: 1140:
        -: 1141:// A helper for suppressing warnings on constant condition.  It just
        -: 1142:// returns 'condition'.
        -: 1143:GTEST_API_ bool IsTrue(bool condition);
        -: 1144:
        -: 1145:// Defines scoped_ptr.
        -: 1146:
        -: 1147:// This implementation of scoped_ptr is PARTIAL - it only contains
        -: 1148:// enough stuff to satisfy Google Test's need.
        -: 1149:template <typename T>
        -: 1150:class scoped_ptr {
        -: 1151: public:
        -: 1152:  typedef T element_type;
        -: 1153:
function _ZN7testing8internal10scoped_ptrINSt3__112basic_stringIcNS2_11char_traitsIcEENS2_9allocatorIcEEEEEC1EPS8_ called 9 returned 100% blocks executed 100%
function _ZN7testing8internal10scoped_ptrINSt3__112basic_stringIcNS2_11char_traitsIcEENS2_9allocatorIcEEEEEC2EPS8_ called 9 returned 100% blocks executed 100%
       18: 1154:  explicit scoped_ptr(T* p = NULL) : ptr_(p) {}
function _ZN7testing8internal10scoped_ptrINSt3__118basic_stringstreamIcNS2_11char_traitsIcEENS2_9allocatorIcEEEEED1Ev called 51 returned 100% blocks executed 100%
function _ZN7testing8internal10scoped_ptrINSt3__118basic_stringstreamIcNS2_11char_traitsIcEENS2_9allocatorIcEEEEED2Ev called 51 returned 100% blocks executed 75%
function _ZN7testing8internal10scoped_ptrINSt3__112basic_stringIcNS2_11char_traitsIcEENS2_9allocatorIcEEEEED1Ev called 9 returned 100% blocks executed 100%
function _ZN7testing8internal10scoped_ptrINSt3__112basic_stringIcNS2_11char_traitsIcEENS2_9allocatorIcEEEEED2Ev called 9 returned 100% blocks executed 75%
      180: 1155:  ~scoped_ptr() { reset(); }
branch  0 taken 100%
branch  1 taken 0%
branch  2 taken 100%
branch  3 taken 0%
        -: 1156:
        -: 1157:  T& operator*() const { return *ptr_; }
        -: 1158:  T* operator->() const { return ptr_; }
        -: 1159:  T* get() const { return ptr_; }
        -: 1160:
        -: 1161:  T* release() {
        -: 1162:    T* const ptr = ptr_;
        -: 1163:    ptr_ = NULL;
        -: 1164:    return ptr;
        -: 1165:  }
        -: 1166:
function _ZN7testing8internal10scoped_ptrINSt3__118basic_stringstreamIcNS2_11char_traitsIcEENS2_9allocatorIcEEEEE5resetEPS8_ called 51 returned 100% blocks executed 100%
function _ZN7testing8internal10scoped_ptrINSt3__112basic_stringIcNS2_11char_traitsIcEENS2_9allocatorIcEEEEE5resetEPS8_ called 9 returned 100% blocks executed 37%
        -: 1167:  void reset(T* p = NULL) {
       60: 1168:    if (p != ptr_) {
branch  0 taken 100%
branch  1 taken 0%
branch  2 taken 0%
branch  3 taken 100%
       51: 1169:      if (IsTrue(sizeof(T) > 0)) {  // Makes sure T is a complete type.
branch  0 taken 100%
branch  1 taken 0%
branch  2 never executed
branch  3 never executed
      102: 1170:        delete ptr_;
branch  0 taken 100%
branch  1 taken 0%
branch  2 never executed
branch  3 never executed
       51: 1171:      }
       51: 1172:      ptr_ = p;
       51: 1173:    }
       60: 1174:  }
        -: 1175:
        -: 1176:  friend void swap(scoped_ptr& a, scoped_ptr& b) {
        -: 1177:    using std::swap;
        -: 1178:    swap(a.ptr_, b.ptr_);
        -: 1179:  }
        -: 1180:
        -: 1181: private:
        -: 1182:  T* ptr_;
        -: 1183:
        -: 1184:  GTEST_DISALLOW_COPY_AND_ASSIGN_(scoped_ptr);
        -: 1185:};
        -: 1186:
        -: 1187:// Defines RE.
        -: 1188:
        -: 1189:// A simple C++ wrapper for <regex.h>.  It uses the POSIX Extended
        -: 1190:// Regular Expression syntax.
        -: 1191:class GTEST_API_ RE {
        -: 1192: public:
        -: 1193:  // A copy constructor is required by the Standard to initialize object
        -: 1194:  // references from r-values.
        -: 1195:  RE(const RE& other) { Init(other.pattern()); }
        -: 1196:
        -: 1197:  // Constructs an RE from a string.
        -: 1198:  RE(const ::std::string& regex) { Init(regex.c_str()); }  // NOLINT
        -: 1199:
        -: 1200:#if GTEST_HAS_GLOBAL_STRING
        -: 1201:
        -: 1202:  RE(const ::string& regex) { Init(regex.c_str()); }  // NOLINT
        -: 1203:
        -: 1204:#endif  // GTEST_HAS_GLOBAL_STRING
        -: 1205:
        -: 1206:  RE(const char* regex) { Init(regex); }  // NOLINT
        -: 1207:  ~RE();
        -: 1208:
        -: 1209:  // Returns the string representation of the regex.
        -: 1210:  const char* pattern() const { return pattern_; }
        -: 1211:
        -: 1212:  // FullMatch(str, re) returns true iff regular expression re matches
        -: 1213:  // the entire str.
        -: 1214:  // PartialMatch(str, re) returns true iff regular expression re
        -: 1215:  // matches a substring of str (including str itself).
        -: 1216:  //
        -: 1217:  // TODO(wan@google.com): make FullMatch() and PartialMatch() work
        -: 1218:  // when str contains NUL characters.
        -: 1219:  static bool FullMatch(const ::std::string& str, const RE& re) {
        -: 1220:    return FullMatch(str.c_str(), re);
        -: 1221:  }
        -: 1222:  static bool PartialMatch(const ::std::string& str, const RE& re) {
        -: 1223:    return PartialMatch(str.c_str(), re);
        -: 1224:  }
        -: 1225:
        -: 1226:#if GTEST_HAS_GLOBAL_STRING
        -: 1227:
        -: 1228:  static bool FullMatch(const ::string& str, const RE& re) {
        -: 1229:    return FullMatch(str.c_str(), re);
        -: 1230:  }
        -: 1231:  static bool PartialMatch(const ::string& str, const RE& re) {
        -: 1232:    return PartialMatch(str.c_str(), re);
        -: 1233:  }
        -: 1234:
        -: 1235:#endif  // GTEST_HAS_GLOBAL_STRING
        -: 1236:
        -: 1237:  static bool FullMatch(const char* str, const RE& re);
        -: 1238:  static bool PartialMatch(const char* str, const RE& re);
        -: 1239:
        -: 1240: private:
        -: 1241:  void Init(const char* regex);
        -: 1242:
        -: 1243:  // We use a const char* instead of an std::string, as Google Test used to be
        -: 1244:  // used where std::string is not available.  TODO(wan@google.com): change to
        -: 1245:  // std::string.
        -: 1246:  const char* pattern_;
        -: 1247:  bool is_valid_;
        -: 1248:
        -: 1249:#if GTEST_USES_POSIX_RE
        -: 1250:
        -: 1251:  regex_t full_regex_;     // For FullMatch().
        -: 1252:  regex_t partial_regex_;  // For PartialMatch().
        -: 1253:
        -: 1254:#else  // GTEST_USES_SIMPLE_RE
        -: 1255:
        -: 1256:  const char* full_pattern_;  // For FullMatch();
        -: 1257:
        -: 1258:#endif
        -: 1259:
        -: 1260:  GTEST_DISALLOW_ASSIGN_(RE);
        -: 1261:};
        -: 1262:
        -: 1263:// Formats a source file path and a line number as they would appear
        -: 1264:// in an error message from the compiler used to compile this code.
        -: 1265:GTEST_API_ ::std::string FormatFileLocation(const char* file, int line);
        -: 1266:
        -: 1267:// Formats a file location for compiler-independent XML output.
        -: 1268:// Although this function is not platform dependent, we put it next to
        -: 1269:// FormatFileLocation in order to contrast the two functions.
        -: 1270:GTEST_API_ ::std::string FormatCompilerIndependentFileLocation(const char* file,
        -: 1271:                                                               int line);
        -: 1272:
        -: 1273:// Defines logging utilities:
        -: 1274://   GTEST_LOG_(severity) - logs messages at the specified severity level. The
        -: 1275://                          message itself is streamed into the macro.
        -: 1276://   LogToStderr()  - directs all log messages to stderr.
        -: 1277://   FlushInfoLog() - flushes informational log messages.
        -: 1278:
        -: 1279:enum GTestLogSeverity {
        -: 1280:  GTEST_INFO,
        -: 1281:  GTEST_WARNING,
        -: 1282:  GTEST_ERROR,
        -: 1283:  GTEST_FATAL
        -: 1284:};
        -: 1285:
        -: 1286:// Formats log entry severity, provides a stream object for streaming the
        -: 1287:// log message, and terminates the message with a newline when going out of
        -: 1288:// scope.
        -: 1289:class GTEST_API_ GTestLog {
        -: 1290: public:
        -: 1291:  GTestLog(GTestLogSeverity severity, const char* file, int line);
        -: 1292:
        -: 1293:  // Flushes the buffers and, if severity is GTEST_FATAL, aborts the program.
        -: 1294:  ~GTestLog();
        -: 1295:
        -: 1296:  ::std::ostream& GetStream() { return ::std::cerr; }
        -: 1297:
        -: 1298: private:
        -: 1299:  const GTestLogSeverity severity_;
        -: 1300:
        -: 1301:  GTEST_DISALLOW_COPY_AND_ASSIGN_(GTestLog);
        -: 1302:};
        -: 1303:
        -: 1304:#if !defined(GTEST_LOG_)
        -: 1305:
        -: 1306:# define GTEST_LOG_(severity) \
        -: 1307:    ::testing::internal::GTestLog(::testing::internal::GTEST_##severity, \
        -: 1308:                                  __FILE__, __LINE__).GetStream()
        -: 1309:
        -: 1310:inline void LogToStderr() {}
        -: 1311:inline void FlushInfoLog() { fflush(NULL); }
        -: 1312:
        -: 1313:#endif  // !defined(GTEST_LOG_)
        -: 1314:
        -: 1315:#if !defined(GTEST_CHECK_)
        -: 1316:// INTERNAL IMPLEMENTATION - DO NOT USE.
        -: 1317://
        -: 1318:// GTEST_CHECK_ is an all-mode assert. It aborts the program if the condition
        -: 1319:// is not satisfied.
        -: 1320://  Synopsys:
        -: 1321://    GTEST_CHECK_(boolean_condition);
        -: 1322://     or
        -: 1323://    GTEST_CHECK_(boolean_condition) << "Additional message";
        -: 1324://
        -: 1325://    This checks the condition and if the condition is not satisfied
        -: 1326://    it prints message about the condition violation, including the
        -: 1327://    condition itself, plus additional message streamed into it, if any,
        -: 1328://    and then it aborts the program. It aborts the program irrespective of
        -: 1329://    whether it is built in the debug mode or not.
        -: 1330:# define GTEST_CHECK_(condition) \
        -: 1331:    GTEST_AMBIGUOUS_ELSE_BLOCKER_ \
        -: 1332:    if (::testing::internal::IsTrue(condition)) \
        -: 1333:      ; \
        -: 1334:    else \
        -: 1335:      GTEST_LOG_(FATAL) << "Condition " #condition " failed. "
        -: 1336:#endif  // !defined(GTEST_CHECK_)
        -: 1337:
        -: 1338:// An all-mode assert to verify that the given POSIX-style function
        -: 1339:// call returns 0 (indicating success).  Known limitation: this
        -: 1340:// doesn't expand to a balanced 'if' statement, so enclose the macro
        -: 1341:// in {} if you need to use it as the only statement in an 'if'
        -: 1342:// branch.
        -: 1343:#define GTEST_CHECK_POSIX_SUCCESS_(posix_call) \
        -: 1344:  if (const int gtest_error = (posix_call)) \
        -: 1345:    GTEST_LOG_(FATAL) << #posix_call << "failed with error " \
        -: 1346:                      << gtest_error
        -: 1347:
        -: 1348:#if GTEST_HAS_STD_MOVE_
        -: 1349:using std::move;
        -: 1350:#else  // GTEST_HAS_STD_MOVE_
        -: 1351:template <typename T>
        -: 1352:const T& move(const T& t) {
        -: 1353:  return t;
        -: 1354:}
        -: 1355:#endif  // GTEST_HAS_STD_MOVE_
        -: 1356:
        -: 1357:// INTERNAL IMPLEMENTATION - DO NOT USE IN USER CODE.
        -: 1358://
        -: 1359:// Use ImplicitCast_ as a safe version of static_cast for upcasting in
        -: 1360:// the type hierarchy (e.g. casting a Foo* to a SuperclassOfFoo* or a
        -: 1361:// const Foo*).  When you use ImplicitCast_, the compiler checks that
        -: 1362:// the cast is safe.  Such explicit ImplicitCast_s are necessary in
        -: 1363:// surprisingly many situations where C++ demands an exact type match
        -: 1364:// instead of an argument type convertable to a target type.
        -: 1365://
        -: 1366:// The syntax for using ImplicitCast_ is the same as for static_cast:
        -: 1367://
        -: 1368://   ImplicitCast_<ToType>(expr)
        -: 1369://
        -: 1370:// ImplicitCast_ would have been part of the C++ standard library,
        -: 1371:// but the proposal was submitted too late.  It will probably make
        -: 1372:// its way into the language in the future.
        -: 1373://
        -: 1374:// This relatively ugly name is intentional. It prevents clashes with
        -: 1375:// similar functions users may have (e.g., implicit_cast). The internal
        -: 1376:// namespace alone is not enough because the function can be found by ADL.
        -: 1377:template<typename To>
        -: 1378:inline To ImplicitCast_(To x) { return x; }
        -: 1379:
        -: 1380:// When you upcast (that is, cast a pointer from type Foo to type
        -: 1381:// SuperclassOfFoo), it's fine to use ImplicitCast_<>, since upcasts
        -: 1382:// always succeed.  When you downcast (that is, cast a pointer from
        -: 1383:// type Foo to type SubclassOfFoo), static_cast<> isn't safe, because
        -: 1384:// how do you know the pointer is really of type SubclassOfFoo?  It
        -: 1385:// could be a bare Foo, or of type DifferentSubclassOfFoo.  Thus,
        -: 1386:// when you downcast, you should use this macro.  In debug mode, we
        -: 1387:// use dynamic_cast<> to double-check the downcast is legal (we die
        -: 1388:// if it's not).  In normal mode, we do the efficient static_cast<>
        -: 1389:// instead.  Thus, it's important to test in debug mode to make sure
        -: 1390:// the cast is legal!
        -: 1391://    This is the only place in the code we should use dynamic_cast<>.
        -: 1392:// In particular, you SHOULDN'T be using dynamic_cast<> in order to
        -: 1393:// do RTTI (eg code like this:
        -: 1394://    if (dynamic_cast<Subclass1>(foo)) HandleASubclass1Object(foo);
        -: 1395://    if (dynamic_cast<Subclass2>(foo)) HandleASubclass2Object(foo);
        -: 1396:// You should design the code some other way not to need this.
        -: 1397://
        -: 1398:// This relatively ugly name is intentional. It prevents clashes with
        -: 1399:// similar functions users may have (e.g., down_cast). The internal
        -: 1400:// namespace alone is not enough because the function can be found by ADL.
        -: 1401:template<typename To, typename From>  // use like this: DownCast_<T*>(foo);
        -: 1402:inline To DownCast_(From* f) {  // so we only accept pointers
        -: 1403:  // Ensures that To is a sub-type of From *.  This test is here only
        -: 1404:  // for compile-time type checking, and has no overhead in an
        -: 1405:  // optimized build at run-time, as it will be optimized away
        -: 1406:  // completely.
        -: 1407:  GTEST_INTENTIONAL_CONST_COND_PUSH_()
        -: 1408:  if (false) {
        -: 1409:  GTEST_INTENTIONAL_CONST_COND_POP_()
        -: 1410:    const To to = NULL;
        -: 1411:    ::testing::internal::ImplicitCast_<From*>(to);
        -: 1412:  }
        -: 1413:
        -: 1414:#if GTEST_HAS_RTTI
        -: 1415:  // RTTI: debug mode only!
        -: 1416:  GTEST_CHECK_(f == NULL || dynamic_cast<To>(f) != NULL);
        -: 1417:#endif
        -: 1418:  return static_cast<To>(f);
        -: 1419:}
        -: 1420:
        -: 1421:// Downcasts the pointer of type Base to Derived.
        -: 1422:// Derived must be a subclass of Base. The parameter MUST
        -: 1423:// point to a class of type Derived, not any subclass of it.
        -: 1424:// When RTTI is available, the function performs a runtime
        -: 1425:// check to enforce this.
        -: 1426:template <class Derived, class Base>
        -: 1427:Derived* CheckedDowncastToActualType(Base* base) {
        -: 1428:#if GTEST_HAS_RTTI
        -: 1429:  GTEST_CHECK_(typeid(*base) == typeid(Derived));
        -: 1430:#endif
        -: 1431:
        -: 1432:#if GTEST_HAS_DOWNCAST_
        -: 1433:  return ::down_cast<Derived*>(base);
        -: 1434:#elif GTEST_HAS_RTTI
        -: 1435:  return dynamic_cast<Derived*>(base);  // NOLINT
        -: 1436:#else
        -: 1437:  return static_cast<Derived*>(base);  // Poor man's downcast.
        -: 1438:#endif
        -: 1439:}
        -: 1440:
        -: 1441:#if GTEST_HAS_STREAM_REDIRECTION
        -: 1442:
        -: 1443:// Defines the stderr capturer:
        -: 1444://   CaptureStdout     - starts capturing stdout.
        -: 1445://   GetCapturedStdout - stops capturing stdout and returns the captured string.
        -: 1446://   CaptureStderr     - starts capturing stderr.
        -: 1447://   GetCapturedStderr - stops capturing stderr and returns the captured string.
        -: 1448://
        -: 1449:GTEST_API_ void CaptureStdout();
        -: 1450:GTEST_API_ std::string GetCapturedStdout();
        -: 1451:GTEST_API_ void CaptureStderr();
        -: 1452:GTEST_API_ std::string GetCapturedStderr();
        -: 1453:
        -: 1454:#endif  // GTEST_HAS_STREAM_REDIRECTION
        -: 1455:
        -: 1456:// Returns the size (in bytes) of a file.
        -: 1457:GTEST_API_ size_t GetFileSize(FILE* file);
        -: 1458:
        -: 1459:// Reads the entire content of a file as a string.
        -: 1460:GTEST_API_ std::string ReadEntireFile(FILE* file);
        -: 1461:
        -: 1462:// All command line arguments.
        -: 1463:GTEST_API_ const ::std::vector<testing::internal::string>& GetArgvs();
        -: 1464:
[...]
        -: 2185:// "MutexLock l(&mu)".  Hence the typedef trick below.
        -: 2186:class GTestMutexLock {
        -: 2187: public:
        -: 2188:  explicit GTestMutexLock(Mutex*) {}  // NOLINT
        -: 2189:};
        -: 2190:
        -: 2191:typedef GTestMutexLock MutexLock;
        -: 2192:
        -: 2193:template <typename T>
        -: 2194:class ThreadLocal {
        -: 2195: public:
        -: 2196:  ThreadLocal() : value_() {}
        -: 2197:  explicit ThreadLocal(const T& value) : value_(value) {}
        -: 2198:  T* pointer() { return &value_; }
        -: 2199:  const T* pointer() const { return &value_; }
        -: 2200:  const T& get() const { return value_; }
        -: 2201:  void set(const T& value) { value_ = value; }
        -: 2202: private:
        -: 2203:  T value_;
        -: 2204:};
        -: 2205:
        -: 2206:#endif  // GTEST_IS_THREADSAFE
        -: 2207:
        -: 2208:// Returns the number of threads running in the process, or 0 to indicate that
        -: 2209:// we cannot detect it.
        -: 2210:GTEST_API_ size_t GetThreadCount();
        -: 2211:
        -: 2212:// Passing non-POD classes through ellipsis (...) crashes the ARM
        -: 2213:// compiler and generates a warning in Sun Studio.  The Nokia Symbian
        -: 2214:// and the IBM XL C/C++ compiler try to instantiate a copy constructor
        -: 2215:// for objects passed through ellipsis (...), failing for uncopyable
        -: 2216:// objects.  We define this to ensure that only POD is passed through
        -: 2217:// ellipsis on these systems.
        -: 2218:#if defined(__SYMBIAN32__) || defined(__IBMCPP__) || defined(__SUNPRO_CC)
        -: 2219:// We lose support for NULL detection where the compiler doesn't like
        -: 2220:// passing non-POD classes through ellipsis (...).
        -: 2221:# define GTEST_ELLIPSIS_NEEDS_POD_ 1
        -: 2222:#else
        -: 2223:# define GTEST_CAN_COMPARE_NULL 1
        -: 2224:#endif
        -: 2225:
        -: 2226:// The Nokia Symbian and IBM XL C/C++ compilers cannot decide between
        -: 2227:// const T& and const T* in a function template.  These compilers
        -: 2228:// _can_ decide between class template specializations for T and T*,
        -: 2229:// so a tr1::type_traits-like is_pointer works.
        -: 2230:#if defined(__SYMBIAN32__) || defined(__IBMCPP__)
        -: 2231:# define GTEST_NEEDS_IS_POINTER_ 1
        -: 2232:#endif
        -: 2233:
        -: 2234:template <bool bool_value>
        -: 2235:struct bool_constant {
        -: 2236:  typedef bool_constant<bool_value> type;
        -: 2237:  static const bool value = bool_value;
        -: 2238:};
        -: 2239:template <bool bool_value> const bool bool_constant<bool_value>::value;
        -: 2240:
        -: 2241:typedef bool_constant<false> false_type;
        -: 2242:typedef bool_constant<true> true_type;
        -: 2243:
        -: 2244:template <typename T>
        -: 2245:struct is_pointer : public false_type {};
        -: 2246:
        -: 2247:template <typename T>
        -: 2248:struct is_pointer<T*> : public true_type {};
        -: 2249:
        -: 2250:template <typename Iterator>
        -: 2251:struct IteratorTraits {
        -: 2252:  typedef typename Iterator::value_type value_type;
        -: 2253:};
        -: 2254:
        -: 2255:template <typename T>
        -: 2256:struct IteratorTraits<T*> {
        -: 2257:  typedef T value_type;
        -: 2258:};
        -: 2259:
        -: 2260:template <typename T>
        -: 2261:struct IteratorTraits<const T*> {
        -: 2262:  typedef T value_type;
        -: 2263:};
        -: 2264:
        -: 2265:#if GTEST_OS_WINDOWS
        -: 2266:# define GTEST_PATH_SEP_ "\\"
        -: 2267:# define GTEST_HAS_ALT_PATH_SEP_ 1
        -: 2268:// The biggest signed integer type the compiler supports.
        -: 2269:typedef __int64 BiggestInt;
        -: 2270:#else
        -: 2271:# define GTEST_PATH_SEP_ "/"
        -: 2272:# define GTEST_HAS_ALT_PATH_SEP_ 0
        -: 2273:typedef long long BiggestInt;  // NOLINT
        -: 2274:#endif  // GTEST_OS_WINDOWS
        -: 2275:
        -: 2276:// Utilities for char.
        -: 2277:
        -: 2278:// isspace(int ch) and friends accept an unsigned char or EOF.  char
        -: 2279:// may be signed, depending on the compiler (or compiler flags).
        -: 2280:// Therefore we need to cast a char to unsigned char before calling
        -: 2281:// isspace(), etc.
        -: 2282:
        -: 2283:inline bool IsAlpha(char ch) {
        -: 2284:  return isalpha(static_cast<unsigned char>(ch)) != 0;
        -: 2285:}
        -: 2286:inline bool IsAlNum(char ch) {
        -: 2287:  return isalnum(static_cast<unsigned char>(ch)) != 0;
        -: 2288:}
        -: 2289:inline bool IsDigit(char ch) {
        -: 2290:  return isdigit(static_cast<unsigned char>(ch)) != 0;
        -: 2291:}
        -: 2292:inline bool IsLower(char ch) {
        -: 2293:  return islower(static_cast<unsigned char>(ch)) != 0;
        -: 2294:}
        -: 2295:inline bool IsSpace(char ch) {
        -: 2296:  return isspace(static_cast<unsigned char>(ch)) != 0;
        -: 2297:}
        -: 2298:inline bool IsUpper(char ch) {
        -: 2299:  return isupper(static_cast<unsigned char>(ch)) != 0;
        -: 2300:}
        -: 2301:inline bool IsXDigit(char ch) {
        -: 2302:  return isxdigit(static_cast<unsigned char>(ch)) != 0;
        -: 2303:}
        -: 2304:inline bool IsXDigit(wchar_t ch) {
        -: 2305:  const unsigned char low_byte = static_cast<unsigned char>(ch);
        -: 2306:  return ch == low_byte && isxdigit(low_byte) != 0;
        -: 2307:}
        -: 2308:
        -: 2309:inline char ToLower(char ch) {
        -: 2310:  return static_cast<char>(tolower(static_cast<unsigned char>(ch)));
        -: 2311:}
        -: 2312:inline char ToUpper(char ch) {
        -: 2313:  return static_cast<char>(toupper(static_cast<unsigned char>(ch)));
        -: 2314:}
        -: 2315:
        -: 2316:inline std::string StripTrailingSpaces(std::string str) {
        -: 2317:  std::string::iterator it = str.end();
        -: 2318:  while (it != str.begin() && IsSpace(*--it))
        -: 2319:    it = str.erase(it);
        -: 2320:  return str;
        -: 2321:}
        -: 2322:
        -: 2323:// The testing::internal::posix namespace holds wrappers for common
        -: 2324:// POSIX functions.  These wrappers hide the differences between
        -: 2325:// Windows/MSVC and POSIX systems.  Since some compilers define these
        -: 2326:// standard functions as macros, the wrapper cannot have the same name
        -: 2327:// as the wrapped function.
        -: 2328:
        -: 2329:namespace posix {
        -: 2330:
        -: 2331:// Functions with a different name on Windows.
        -: 2332:
        -: 2333:#if GTEST_OS_WINDOWS
        -: 2334:
        -: 2335:typedef struct _stat StatStruct;
        -: 2336:
        -: 2337:# ifdef __BORLANDC__
        -: 2338:inline int IsATTY(int fd) { return isatty(fd); }
        -: 2339:inline int StrCaseCmp(const char* s1, const char* s2) {
        -: 2340:  return stricmp(s1, s2);
        -: 2341:}
        -: 2342:inline char* StrDup(const char* src) { return strdup(src); }
        -: 2343:# else  // !__BORLANDC__
        -: 2344:#  if GTEST_OS_WINDOWS_MOBILE
        -: 2345:inline int IsATTY(int /* fd */) { return 0; }
        -: 2346:#  else
        -: 2347:inline int IsATTY(int fd) { return _isatty(fd); }
        -: 2348:#  endif  // GTEST_OS_WINDOWS_MOBILE
        -: 2349:inline int StrCaseCmp(const char* s1, const char* s2) {
        -: 2350:  return _stricmp(s1, s2);
        -: 2351:}
        -: 2352:inline char* StrDup(const char* src) { return _strdup(src); }
        -: 2353:# endif  // __BORLANDC__
        -: 2354:
        -: 2355:# if GTEST_OS_WINDOWS_MOBILE
        -: 2356:inline int FileNo(FILE* file) { return reinterpret_cast<int>(_fileno(file)); }
        -: 2357:// Stat(), RmDir(), and IsDir() are not needed on Windows CE at this
        -: 2358:// time and thus not defined there.
        -: 2359:# else
        -: 2360:inline int FileNo(FILE* file) { return _fileno(file); }
        -: 2361:inline int Stat(const char* path, StatStruct* buf) { return _stat(path, buf); }
        -: 2362:inline int RmDir(const char* dir) { return _rmdir(dir); }
        -: 2363:inline bool IsDir(const StatStruct& st) {
        -: 2364:  return (_S_IFDIR & st.st_mode) != 0;
        -: 2365:}
        -: 2366:# endif  // GTEST_OS_WINDOWS_MOBILE
        -: 2367:
        -: 2368:#else
        -: 2369:
        -: 2370:typedef struct stat StatStruct;
        -: 2371:
        -: 2372:inline int FileNo(FILE* file) { return fileno(file); }
        -: 2373:inline int IsATTY(int fd) { return isatty(fd); }
        -: 2374:inline int Stat(const char* path, StatStruct* buf) { return stat(path, buf); }
        -: 2375:inline int StrCaseCmp(const char* s1, const char* s2) {
        -: 2376:  return strcasecmp(s1, s2);
        -: 2377:}
        -: 2378:inline char* StrDup(const char* src) { return strdup(src); }
        -: 2379:inline int RmDir(const char* dir) { return rmdir(dir); }
        -: 2380:inline bool IsDir(const StatStruct& st) { return S_ISDIR(st.st_mode); }
        -: 2381:
        -: 2382:#endif  // GTEST_OS_WINDOWS
        -: 2383:
        -: 2384:// Functions deprecated by MSVC 8.0.
        -: 2385:
        -: 2386:GTEST_DISABLE_MSC_WARNINGS_PUSH_(4996 /* deprecated function */)
        -: 2387:
        -: 2388:inline const char* StrNCpy(char* dest, const char* src, size_t n) {
        -: 2389:  return strncpy(dest, src, n);
        -: 2390:}
        -: 2391:
        -: 2392:// ChDir(), FReopen(), FDOpen(), Read(), Write(), Close(), and
        -: 2393:// StrError() aren't needed on Windows CE at this time and thus not
        -: 2394:// defined there.
        -: 2395:
        -: 2396:#if !GTEST_OS_WINDOWS_MOBILE && !GTEST_OS_WINDOWS_PHONE && !GTEST_OS_WINDOWS_RT
        -: 2397:inline int ChDir(const char* dir) { return chdir(dir); }
        -: 2398:#endif
        -: 2399:inline FILE* FOpen(const char* path, const char* mode) {
        -: 2400:  return fopen(path, mode);
        -: 2401:}
        -: 2402:#if !GTEST_OS_WINDOWS_MOBILE
        -: 2403:inline FILE *FReopen(const char* path, const char* mode, FILE* stream) {
        -: 2404:  return freopen(path, mode, stream);
        -: 2405:}
        -: 2406:inline FILE* FDOpen(int fd, const char* mode) { return fdopen(fd, mode); }
        -: 2407:#endif
        -: 2408:inline int FClose(FILE* fp) { return fclose(fp); }
        -: 2409:#if !GTEST_OS_WINDOWS_MOBILE
        -: 2410:inline int Read(int fd, void* buf, unsigned int count) {
        -: 2411:  return static_cast<int>(read(fd, buf, count));
        -: 2412:}
        -: 2413:inline int Write(int fd, const void* buf, unsigned int count) {
        -: 2414:  return static_cast<int>(write(fd, buf, count));
        -: 2415:}
        -: 2416:inline int Close(int fd) { return close(fd); }
        -: 2417:inline const char* StrError(int errnum) { return strerror(errnum); }
        -: 2418:#endif
        -: 2419:inline const char* GetEnv(const char* name) {
        -: 2420:#if GTEST_OS_WINDOWS_MOBILE || GTEST_OS_WINDOWS_PHONE | GTEST_OS_WINDOWS_RT
        -: 2421:  // We are on Windows CE, which has no environment variables.
        -: 2422:  static_cast<void>(name);  // To prevent 'unused argument' warning.
        -: 2423:  return NULL;
        -: 2424:#elif defined(__BORLANDC__) || defined(__SunOS_5_8) || defined(__SunOS_5_9)
        -: 2425:  // Environment variables which we programmatically clear will be set to the
        -: 2426:  // empty string rather than unset (NULL).  Handle that case.
        -: 2427:  const char* const env = getenv(name);
        -: 2428:  return (env != NULL && env[0] != '\0') ? env : NULL;
        -: 2429:#else
        -: 2430:  return getenv(name);
        -: 2431:#endif
        -: 2432:}
        -: 2433:
        -: 2434:GTEST_DISABLE_MSC_WARNINGS_POP_()
        -: 2435:
        -: 2436:#if GTEST_OS_WINDOWS_MOBILE
        -: 2437:// Windows CE has no C library. The abort() function is used in
        -: 2438:// several places in Google Test. This implementation provides a reasonable
        -: 2439:// imitation of standard behaviour.
        -: 2440:void Abort();
        -: 2441:#else
        -: 2442:inline void Abort() { abort(); }
        -: 2443:#endif  // GTEST_OS_WINDOWS_MOBILE
        -: 2444:
        -: 2445:}  // namespace posix
        -: 2446:
        -: 2447:// MSVC "deprecates" snprintf and issues warnings wherever it is used.  In
        -: 2448:// order to avoid these warnings, we need to use _snprintf or _snprintf_s on
        -: 2449:// MSVC-based platforms.  We map the GTEST_SNPRINTF_ macro to the appropriate
        -: 2450:// function in order to achieve that.  We use macro definition here because
        -: 2451:// snprintf is a variadic function.
        -: 2452:#if _MSC_VER >= 1400 && !GTEST_OS_WINDOWS_MOBILE
        -: 2453:// MSVC 2005 and above support variadic macros.
        -: 2454:# define GTEST_SNPRINTF_(buffer, size, format, ...) \
        -: 2455:     _snprintf_s(buffer, size, size, format, __VA_ARGS__)
        -: 2456:#elif defined(_MSC_VER)
        -: 2457:// Windows CE does not define _snprintf_s and MSVC prior to 2005 doesn't
        -: 2458:// complain about _snprintf.
        -: 2459:# define GTEST_SNPRINTF_ _snprintf
        -: 2460:#else
        -: 2461:# define GTEST_SNPRINTF_ snprintf
        -: 2462:#endif
        -: 2463:
        -: 2464:// The maximum number a BiggestInt can represent.  This definition
        -: 2465:// works no matter BiggestInt is represented in one's complement or
        -: 2466:// two's complement.
        -: 2467://
        -: 2468:// We cannot rely on numeric_limits in STL, as __int64 and long long
        -: 2469:// are not part of standard C++ and numeric_limits doesn't need to be
        -: 2470:// defined for them.
        -: 2471:const BiggestInt kMaxBiggestInt =
        -: 2472:    ~(static_cast<BiggestInt>(1) << (8*sizeof(BiggestInt) - 1));
        -: 2473:
        -: 2474:// This template class serves as a compile-time function from size to
        -: 2475:// type.  It maps a size in bytes to a primitive type with that
        -: 2476:// size. e.g.
        -: 2477://
        -: 2478://   TypeWithSize<4>::UInt
        -: 2479://
        -: 2480:// is typedef-ed to be unsigned int (unsigned integer made up of 4
        -: 2481:// bytes).
        -: 2482://
        -: 2483:// Such functionality should belong to STL, but I cannot find it
        -: 2484:// there.
        -: 2485://
        -: 2486:// Google Test uses this class in the implementation of floating-point
        -: 2487:// comparison.
        -: 2488://
        -: 2489:// For now it only handles UInt (unsigned int) as that's all Google Test
        -: 2490:// needs.  Other types can be easily added in the future if need
        -: 2491:// arises.
        -: 2492:template <size_t size>
        -: 2493:class TypeWithSize {
        -: 2494: public:
        -: 2495:  // This prevents the user from using TypeWithSize<N> with incorrect
        -: 2496:  // values of N.
        -: 2497:  typedef void UInt;
        -: 2498:};
        -: 2499:
        -: 2500:// The specialization for size 4.
        -: 2501:template <>
        -: 2502:class TypeWithSize<4> {
        -: 2503: public:
        -: 2504:  // unsigned int has size 4 in both gcc and MSVC.
        -: 2505:  //
        -: 2506:  // As base/basictypes.h doesn't compile on Windows, we cannot use
        -: 2507:  // uint32, uint64, and etc here.
        -: 2508:  typedef int Int;
        -: 2509:  typedef unsigned int UInt;
        -: 2510:};
        -: 2511:
        -: 2512:// The specialization for size 8.
        -: 2513:template <>
        -: 2514:class TypeWithSize<8> {
        -: 2515: public:
        -: 2516:#if GTEST_OS_WINDOWS
        -: 2517:  typedef __int64 Int;
        -: 2518:  typedef unsigned __int64 UInt;
        -: 2519:#else
        -: 2520:  typedef long long Int;  // NOLINT
        -: 2521:  typedef unsigned long long UInt;  // NOLINT
        -: 2522:#endif  // GTEST_OS_WINDOWS
        -: 2523:};
        -: 2524:
        -: 2525:// Integer types of known sizes.
        -: 2526:typedef TypeWithSize<4>::Int Int32;
        -: 2527:typedef TypeWithSize<4>::UInt UInt32;
        -: 2528:typedef TypeWithSize<8>::Int Int64;
        -: 2529:typedef TypeWithSize<8>::UInt UInt64;
        -: 2530:typedef TypeWithSize<8>::Int TimeInMillis;  // Represents time in milliseconds.
        -: 2531:
        -: 2532:// Utilities for command line flags and environment variables.
        -: 2533:
        -: 2534:// Macro for referencing flags.
        -: 2535:#if !defined(GTEST_FLAG)
        -: 2536:# define GTEST_FLAG(name) FLAGS_gtest_##name
        -: 2537:#endif  // !defined(GTEST_FLAG)
        -: 2538:
        -: 2539:#if !defined(GTEST_USE_OWN_FLAGFILE_FLAG_)
        -: 2540:# define GTEST_USE_OWN_FLAGFILE_FLAG_ 1
        -: 2541:#endif  // !defined(GTEST_USE_OWN_FLAGFILE_FLAG_)
        -: 2542:
        -: 2543:#if !defined(GTEST_DECLARE_bool_)
        -: 2544:# define GTEST_FLAG_SAVER_ ::testing::internal::GTestFlagSaver
        -: 2545:
        -: 2546:// Macros for declaring flags.
        -: 2547:# define GTEST_DECLARE_bool_(name) GTEST_API_ extern bool GTEST_FLAG(name)
        -: 2548:# define GTEST_DECLARE_int32_(name) \
        -: 2549:    GTEST_API_ extern ::testing::internal::Int32 GTEST_FLAG(name)
        -: 2550:#define GTEST_DECLARE_string_(name) \
        -: 2551:    GTEST_API_ extern ::std::string GTEST_FLAG(name)
        -: 2552:
        -: 2553:// Macros for defining flags.
        -: 2554:#define GTEST_DEFINE_bool_(name, default_val, doc) \
        -: 2555:    GTEST_API_ bool GTEST_FLAG(name) = (default_val)
        -: 2556:#define GTEST_DEFINE_int32_(name, default_val, doc) \
        -: 2557:    GTEST_API_ ::testing::internal::Int32 GTEST_FLAG(name) = (default_val)
        -: 2558:#define GTEST_DEFINE_string_(name, default_val, doc) \
        -: 2559:    GTEST_API_ ::std::string GTEST_FLAG(name) = (default_val)
        -: 2560:
        -: 2561:#endif  // !defined(GTEST_DECLARE_bool_)
        -: 2562:
        -: 2563:// Thread annotations
        -: 2564:#if !defined(GTEST_EXCLUSIVE_LOCK_REQUIRED_)
        -: 2565:# define GTEST_EXCLUSIVE_LOCK_REQUIRED_(locks)
        -: 2566:# define GTEST_LOCK_EXCLUDED_(locks)
        -: 2567:#endif  // !defined(GTEST_EXCLUSIVE_LOCK_REQUIRED_)
        -: 2568:
        -: 2569:// Parses 'str' for a 32-bit signed integer.  If successful, writes the result
        -: 2570:// to *value and returns true; otherwise leaves *value unchanged and returns
        -: 2571:// false.
        -: 2572:// TODO(chandlerc): Find a better way to refactor flag and environment parsing
        -: 2573:// out of both gtest-port.cc and gtest.cc to avoid exporting this utility
        -: 2574:// function.
        -: 2575:bool ParseInt32(const Message& src_text, const char* str, Int32* value);
        -: 2576:
        -: 2577:// Parses a bool/Int32/string from the environment variable
        -: 2578:// corresponding to the given Google Test flag.
        -: 2579:bool BoolFromGTestEnv(const char* flag, bool default_val);
        -: 2580:GTEST_API_ Int32 Int32FromGTestEnv(const char* flag, Int32 default_val);
        -: 2581:std::string StringFromGTestEnv(const char* flag, const char* default_val);
        -: 2582:
        -: 2583:}  // namespace internal
        -: 2584:
        -: 2585:// Returns a path to temporary directory.
        -: 2586:// Tries to determine an appropriate directory for the platform.
        -: 2587:GTEST_API_ std::string TempDir();
        -: 2588:
        -: 2589:}  // namespace testing
        -: 2590:
        -: 2591:#endif  // GTEST_INCLUDE_GTEST_INTERNAL_GTEST_PORT_H_
