        -:    0:Source:IsPrime2.c++
        -:    0:Graph:IsPrime2.gcno
        -:    0:Data:IsPrime2.gcda
        -:    0:Runs:1
        -:    0:Programs:1
        -:    1:// ------------
        -:    2:// IsPrime2.c++
        -:    3:// ------------
        -:    4:
        -:    5:// https://en.wikipedia.org/wiki/Primality_test
        -:    6:
        -:    7:#include "gtest/gtest.h"
        -:    8:
        -:    9:using namespace std;
        -:   10:
function _Z8is_primei called 9 returned 100% blocks executed 88%
        -:   11:bool is_prime (int n) {
       18:   12:    assert(n > 0);
branch  0 taken 0%
branch  1 taken 100%
        9:   13:    if (n == 2)
branch  0 taken 11%
branch  1 taken 89%
        1:   14:        return true;
       15:   15:    if ((n == 1) || ((n % 2) == 0))
branch  0 taken 88%
branch  1 taken 13%
branch  2 taken 14%
branch  3 taken 86%
        2:   16:        return false;
       16:   17:    for (int i = 3; (i * i) <= n; ++++i)
branch  0 taken 50%
branch  1 taken 50%
        6:   18:        if ((n % i) == 0)
branch  0 taken 50%
branch  1 taken 50%
        2:   19:            return false;
       13:   20:    return true;}
        -:   21:
function __cxx_global_var_init called 1 returned 100% blocks executed 53%
function _ZN26IsPrimeFixture_test_1_Test8TestBodyEv called 1 returned 100% blocks executed 33%
function _ZN26IsPrimeFixture_test_1_TestC1Ev called 1 returned 100% blocks executed 100%
function _ZN26IsPrimeFixture_test_1_TestC2Ev called 1 returned 100% blocks executed 100%
function _ZN26IsPrimeFixture_test_1_TestD1Ev called 1 returned 100% blocks executed 100%
function _ZN26IsPrimeFixture_test_1_TestD2Ev called 1 returned 100% blocks executed 100%
function _ZN26IsPrimeFixture_test_1_TestD0Ev called 1 returned 100% blocks executed 100%
       11:   22:TEST(IsPrimeFixture, test_1) {
branch  0 taken 100%
branch  1 taken 0%
branch  2 taken 100%
branch  3 taken 0%
branch  4 taken 100%
branch  5 taken 0%
branch  6 taken 100%
branch  7 taken 0%
branch  8 taken 100%
branch  9 taken 0%
        6:   23:    ASSERT_FALSE(is_prime( 1));}
branch  0 taken 100%
branch  1 taken 0%
branch  2 taken 100%
branch  3 taken 0%
branch  4 never executed
branch  5 never executed
branch  6 never executed
branch  7 never executed
branch  8 never executed
branch  9 never executed
branch 10 never executed
branch 11 never executed
branch 12 taken 0%
branch 13 taken 100%
branch 14 taken 0%
        -:   24:
function __cxx_global_var_init7 called 1 returned 100% blocks executed 53%
function _ZN26IsPrimeFixture_test_2_Test8TestBodyEv called 1 returned 100% blocks executed 33%
function _ZN26IsPrimeFixture_test_2_TestC1Ev called 1 returned 100% blocks executed 100%
function _ZN26IsPrimeFixture_test_2_TestC2Ev called 1 returned 100% blocks executed 100%
function _ZN26IsPrimeFixture_test_2_TestD1Ev called 1 returned 100% blocks executed 100%
function _ZN26IsPrimeFixture_test_2_TestD2Ev called 1 returned 100% blocks executed 100%
function _ZN26IsPrimeFixture_test_2_TestD0Ev called 1 returned 100% blocks executed 100%
       11:   25:TEST(IsPrimeFixture, test_2) {
branch  0 taken 100%
branch  1 taken 0%
branch  2 taken 100%
branch  3 taken 0%
branch  4 taken 100%
branch  5 taken 0%
branch  6 taken 100%
branch  7 taken 0%
branch  8 taken 100%
branch  9 taken 0%
        6:   26:    ASSERT_TRUE(is_prime( 2));}
branch  0 taken 100%
branch  1 taken 0%
branch  2 taken 100%
branch  3 taken 0%
branch  4 never executed
branch  5 never executed
branch  6 never executed
branch  7 never executed
branch  8 never executed
branch  9 never executed
branch 10 never executed
branch 11 never executed
branch 12 taken 0%
branch 13 taken 100%
branch 14 taken 0%
        -:   27:
function __cxx_global_var_init10 called 1 returned 100% blocks executed 53%
function _ZN26IsPrimeFixture_test_3_Test8TestBodyEv called 1 returned 100% blocks executed 33%
function _ZN26IsPrimeFixture_test_3_TestC1Ev called 1 returned 100% blocks executed 100%
function _ZN26IsPrimeFixture_test_3_TestC2Ev called 1 returned 100% blocks executed 100%
function _ZN26IsPrimeFixture_test_3_TestD1Ev called 1 returned 100% blocks executed 100%
function _ZN26IsPrimeFixture_test_3_TestD2Ev called 1 returned 100% blocks executed 100%
function _ZN26IsPrimeFixture_test_3_TestD0Ev called 1 returned 100% blocks executed 100%
       11:   28:TEST(IsPrimeFixture, test_3) {
branch  0 taken 100%
branch  1 taken 0%
branch  2 taken 100%
branch  3 taken 0%
branch  4 taken 100%
branch  5 taken 0%
branch  6 taken 100%
branch  7 taken 0%
branch  8 taken 100%
branch  9 taken 0%
        6:   29:    ASSERT_TRUE(is_prime( 3));}
branch  0 taken 100%
branch  1 taken 0%
branch  2 taken 100%
branch  3 taken 0%
branch  4 never executed
branch  5 never executed
branch  6 never executed
branch  7 never executed
branch  8 never executed
branch  9 never executed
branch 10 never executed
branch 11 never executed
branch 12 taken 0%
branch 13 taken 100%
branch 14 taken 0%
        -:   30:
function __cxx_global_var_init13 called 1 returned 100% blocks executed 53%
function _ZN26IsPrimeFixture_test_4_Test8TestBodyEv called 1 returned 100% blocks executed 33%
function _ZN26IsPrimeFixture_test_4_TestC1Ev called 1 returned 100% blocks executed 100%
function _ZN26IsPrimeFixture_test_4_TestC2Ev called 1 returned 100% blocks executed 100%
function _ZN26IsPrimeFixture_test_4_TestD1Ev called 1 returned 100% blocks executed 100%
function _ZN26IsPrimeFixture_test_4_TestD2Ev called 1 returned 100% blocks executed 100%
function _ZN26IsPrimeFixture_test_4_TestD0Ev called 1 returned 100% blocks executed 100%
       11:   31:TEST(IsPrimeFixture, test_4) {
branch  0 taken 100%
branch  1 taken 0%
branch  2 taken 100%
branch  3 taken 0%
branch  4 taken 100%
branch  5 taken 0%
branch  6 taken 100%
branch  7 taken 0%
branch  8 taken 100%
branch  9 taken 0%
        6:   32:    ASSERT_FALSE(is_prime( 4));}
branch  0 taken 100%
branch  1 taken 0%
branch  2 taken 100%
branch  3 taken 0%
branch  4 never executed
branch  5 never executed
branch  6 never executed
branch  7 never executed
branch  8 never executed
branch  9 never executed
branch 10 never executed
branch 11 never executed
branch 12 taken 0%
branch 13 taken 100%
branch 14 taken 0%
        -:   33:
function __cxx_global_var_init16 called 1 returned 100% blocks executed 53%
function _ZN26IsPrimeFixture_test_5_Test8TestBodyEv called 1 returned 100% blocks executed 33%
function _ZN26IsPrimeFixture_test_5_TestC1Ev called 1 returned 100% blocks executed 100%
function _ZN26IsPrimeFixture_test_5_TestC2Ev called 1 returned 100% blocks executed 100%
function _ZN26IsPrimeFixture_test_5_TestD1Ev called 1 returned 100% blocks executed 100%
function _ZN26IsPrimeFixture_test_5_TestD2Ev called 1 returned 100% blocks executed 100%
function _ZN26IsPrimeFixture_test_5_TestD0Ev called 1 returned 100% blocks executed 100%
       11:   34:TEST(IsPrimeFixture, test_5) {
branch  0 taken 100%
branch  1 taken 0%
branch  2 taken 100%
branch  3 taken 0%
branch  4 taken 100%
branch  5 taken 0%
branch  6 taken 100%
branch  7 taken 0%
branch  8 taken 100%
branch  9 taken 0%
        6:   35:    ASSERT_TRUE(is_prime( 5));}
branch  0 taken 100%
branch  1 taken 0%
branch  2 taken 100%
branch  3 taken 0%
branch  4 never executed
branch  5 never executed
branch  6 never executed
branch  7 never executed
branch  8 never executed
branch  9 never executed
branch 10 never executed
branch 11 never executed
branch 12 taken 0%
branch 13 taken 100%
branch 14 taken 0%
        -:   36:
function __cxx_global_var_init19 called 1 returned 100% blocks executed 53%
function _ZN26IsPrimeFixture_test_7_Test8TestBodyEv called 1 returned 100% blocks executed 33%
function _ZN26IsPrimeFixture_test_7_TestC1Ev called 1 returned 100% blocks executed 100%
function _ZN26IsPrimeFixture_test_7_TestC2Ev called 1 returned 100% blocks executed 100%
function _ZN26IsPrimeFixture_test_7_TestD1Ev called 1 returned 100% blocks executed 100%
function _ZN26IsPrimeFixture_test_7_TestD2Ev called 1 returned 100% blocks executed 100%
function _ZN26IsPrimeFixture_test_7_TestD0Ev called 1 returned 100% blocks executed 100%
       11:   37:TEST(IsPrimeFixture, test_7) {
branch  0 taken 100%
branch  1 taken 0%
branch  2 taken 100%
branch  3 taken 0%
branch  4 taken 100%
branch  5 taken 0%
branch  6 taken 100%
branch  7 taken 0%
branch  8 taken 100%
branch  9 taken 0%
        6:   38:    ASSERT_TRUE(is_prime( 7));}
branch  0 taken 100%
branch  1 taken 0%
branch  2 taken 100%
branch  3 taken 0%
branch  4 never executed
branch  5 never executed
branch  6 never executed
branch  7 never executed
branch  8 never executed
branch  9 never executed
branch 10 never executed
branch 11 never executed
branch 12 taken 0%
branch 13 taken 100%
branch 14 taken 0%
        -:   39:
function __cxx_global_var_init22 called 1 returned 100% blocks executed 53%
function _ZN26IsPrimeFixture_test_9_Test8TestBodyEv called 1 returned 100% blocks executed 33%
function _ZN26IsPrimeFixture_test_9_TestC1Ev called 1 returned 100% blocks executed 100%
function _ZN26IsPrimeFixture_test_9_TestC2Ev called 1 returned 100% blocks executed 100%
function _ZN26IsPrimeFixture_test_9_TestD1Ev called 1 returned 100% blocks executed 100%
function _ZN26IsPrimeFixture_test_9_TestD2Ev called 1 returned 100% blocks executed 100%
function _ZN26IsPrimeFixture_test_9_TestD0Ev called 1 returned 100% blocks executed 100%
       11:   40:TEST(IsPrimeFixture, test_9) {
branch  0 taken 100%
branch  1 taken 0%
branch  2 taken 100%
branch  3 taken 0%
branch  4 taken 100%
branch  5 taken 0%
branch  6 taken 100%
branch  7 taken 0%
branch  8 taken 100%
branch  9 taken 0%
        6:   41:    ASSERT_FALSE(is_prime( 9));}
branch  0 taken 100%
branch  1 taken 0%
branch  2 taken 100%
branch  3 taken 0%
branch  4 never executed
branch  5 never executed
branch  6 never executed
branch  7 never executed
branch  8 never executed
branch  9 never executed
branch 10 never executed
branch 11 never executed
branch 12 taken 0%
branch 13 taken 100%
branch 14 taken 0%
        -:   42:
function __cxx_global_var_init25 called 1 returned 100% blocks executed 53%
function _ZN27IsPrimeFixture_test_27_Test8TestBodyEv called 1 returned 100% blocks executed 33%
function _ZN27IsPrimeFixture_test_27_TestC1Ev called 1 returned 100% blocks executed 100%
function _ZN27IsPrimeFixture_test_27_TestC2Ev called 1 returned 100% blocks executed 100%
function _ZN27IsPrimeFixture_test_27_TestD1Ev called 1 returned 100% blocks executed 100%
function _ZN27IsPrimeFixture_test_27_TestD2Ev called 1 returned 100% blocks executed 100%
function _ZN27IsPrimeFixture_test_27_TestD0Ev called 1 returned 100% blocks executed 100%
       11:   43:TEST(IsPrimeFixture, test_27) {
branch  0 taken 100%
branch  1 taken 0%
branch  2 taken 100%
branch  3 taken 0%
branch  4 taken 100%
branch  5 taken 0%
branch  6 taken 100%
branch  7 taken 0%
branch  8 taken 100%
branch  9 taken 0%
        6:   44:    ASSERT_FALSE(is_prime(27));}
branch  0 taken 100%
branch  1 taken 0%
branch  2 taken 100%
branch  3 taken 0%
branch  4 never executed
branch  5 never executed
branch  6 never executed
branch  7 never executed
branch  8 never executed
branch  9 never executed
branch 10 never executed
branch 11 never executed
branch 12 taken 0%
branch 13 taken 100%
branch 14 taken 0%
        -:   45:
function __cxx_global_var_init28 called 1 returned 100% blocks executed 53%
function _ZN27IsPrimeFixture_test_29_Test8TestBodyEv called 1 returned 100% blocks executed 33%
function _ZN27IsPrimeFixture_test_29_TestC1Ev called 1 returned 100% blocks executed 100%
function _ZN27IsPrimeFixture_test_29_TestC2Ev called 1 returned 100% blocks executed 100%
function _ZN27IsPrimeFixture_test_29_TestD1Ev called 1 returned 100% blocks executed 100%
function _ZN27IsPrimeFixture_test_29_TestD2Ev called 1 returned 100% blocks executed 100%
function _ZN27IsPrimeFixture_test_29_TestD0Ev called 1 returned 100% blocks executed 100%
       11:   46:TEST(IsPrimeFixture, test_29) {
branch  0 taken 100%
branch  1 taken 0%
branch  2 taken 100%
branch  3 taken 0%
branch  4 taken 100%
branch  5 taken 0%
branch  6 taken 100%
branch  7 taken 0%
branch  8 taken 100%
branch  9 taken 0%
        6:   47:    ASSERT_TRUE(is_prime(29));}
branch  0 taken 100%
branch  1 taken 0%
branch  2 taken 100%
branch  3 taken 0%
branch  4 never executed
branch  5 never executed
branch  6 never executed
branch  7 never executed
branch  8 never executed
branch  9 never executed
branch 10 never executed
branch 11 never executed
branch 12 taken 0%
branch 13 taken 100%
branch 14 taken 0%
